Created by PLY version 3.11 (http://www.dabeaz.com/ply)

Unused terminals:

    AND
    BYTE
    CLASS
    COMILLA_DOBLE
    COMILLA_SIMPLE
    CONST
    C_IDENT_TEXTUAL
    DEFAULT
    ELSE
    FINALLY
    GLOBAL
    IN
    IR
    LET
    NEGACION
    NOR
    NULL_VAL
    OBJECT
    ON
    OR
    ORDERBY
    RETURN
    SHIFT_MAYOR
    SHIFT_MENOR
    SIMPLE_AND
    SIMPLE_OR
    STRUCT
    THIS
    TYPEOF
    VAR
    WHEN
    WHERE

Grammar

Rule 0     S' -> body
Rule 1     body -> semantica_lista_add
Rule 2     body -> semantica_casting_float_to_int
Rule 3     body -> semantica_stack
Rule 4     body -> add_queue
Rule 5     body -> cast_float_to_int END_OF_LINE
Rule 6     body -> to_upper_case
Rule 7     valor -> CHAR
Rule 8     valor -> numero
Rule 9     valor -> BOOL
Rule 10    valor -> STRING
Rule 11    valor -> IDENTIFICADOR
Rule 12    add_queue -> asignacion_int_cola
Rule 13    add_queue -> encolar_int
Rule 14    add_queue -> asignacion_int_cola encolar_int
Rule 15    add_queue -> asignacion_string_cola
Rule 16    add_queue -> encolar_string
Rule 17    add_queue -> asignacion_string_cola encolar_string
Rule 18    numero -> FLOAT
Rule 19    numero -> DOUBLE
Rule 20    numero -> INT
Rule 21    asignacion_int_cola -> QUEUE MENOR_QUE INT_TYPE MAYOR_QUE IDENTIFICADOR IGUAL NEW QUEUE MENOR_QUE INT_TYPE MAYOR_QUE PAR_IZQ PAR_DER END_OF_LINE
Rule 22    ftipo -> valor_tipo
Rule 23    ftipo -> VOID
Rule 24    encolar_int -> IDENTIFICADOR PUNTO ENQUEUE PAR_IZQ INT PAR_DER END_OF_LINE
Rule 25    asignacion_string_cola -> QUEUE MENOR_QUE STRING_TYPE MAYOR_QUE IDENTIFICADOR IGUAL NEW QUEUE MENOR_QUE STRING_TYPE MAYOR_QUE PAR_IZQ PAR_DER END_OF_LINE
Rule 26    valor_tipo -> CHAR_TYPE
Rule 27    valor_tipo -> FLOAT_TYPE
Rule 28    valor_tipo -> DOUBLE_TYPE
Rule 29    valor_tipo -> INT_TYPE
Rule 30    valor_tipo -> BOOL_TYPE
Rule 31    valor_tipo -> STRING_TYPE
Rule 32    encolar_string -> IDENTIFICADOR PUNTO ENQUEUE PAR_IZQ STRING PAR_DER END_OF_LINE
Rule 33    to_upper_case -> asignacion_string
Rule 34    to_upper_case -> str_to_upper_case
Rule 35    to_upper_case -> asignacion_string str_to_upper_case
Rule 36    to_upper_case -> asignacion_string str_to_upper_case to_upper_case
Rule 37    valor_tipo_inicializador -> FLOAT_TYPE
Rule 38    valor_tipo_inicializador -> DOUBLE_TYPE
Rule 39    valor_tipo_inicializador -> STRING_TYPE
Rule 40    valor_tipo_inicializador -> INT_TYPE
Rule 41    valor_tipo_inicializador -> BOOL_TYPE
Rule 42    valor_tipo_inicializador -> CHAR_TYPE
Rule 43    valor_tipo_inicializador -> IDENTIFICADOR
Rule 44    str_to_upper_case -> IDENTIFICADOR PUNTO TO_UPPER PAR_IZQ PAR_DER END_OF_LINE
Rule 45    asignacion_string -> STRING_TYPE IDENTIFICADOR IGUAL STRING END_OF_LINE
Rule 46    modificador_acceso -> PRIVATE
Rule 47    modificador_acceso -> PROTECTED
Rule 48    modificador_acceso -> PUBLIC
Rule 49    operador_realacional -> IGUAL_IGUAL
Rule 50    operador_realacional -> NO_IGUAL
Rule 51    operador_realacional -> MENOR_QUE
Rule 52    operador_realacional -> MENOR_O_IGUAL_QUE
Rule 53    operador_realacional -> MAYOR_QUE
Rule 54    operador_realacional -> MAYOR_O_IGUAL_QUE
Rule 55    semantica_stack -> operacionesStack
Rule 56    operador_aritmentico -> SUMA
Rule 57    operador_aritmentico -> RESTA
Rule 58    operador_aritmentico -> MULTIPLICACION
Rule 59    operador_aritmentico -> DIVISION
Rule 60    operador_aritmentico -> MODULO
Rule 61    operacionesStack -> push_pop_stack
Rule 62    push_pop_stack -> asignacion_int_stack
Rule 63    push_pop_stack -> push_stack_int
Rule 64    push_pop_stack -> asignacion_int_stack push_stack_int
Rule 65    push_pop_stack -> asignacion_float_stack
Rule 66    push_pop_stack -> push_stack_float
Rule 67    push_pop_stack -> asignacion_float_stack push_stack_float
Rule 68    push_pop_stack -> pop_stack_int
Rule 69    push_pop_stack -> pop_stack_float
Rule 70    push_pop_stack -> asignacion_int_stack push_stack_int pop_stack_int
Rule 71    push_pop_stack -> asignacion_float_stack push_stack_float pop_stack_float
Rule 72    push_pop_stack -> asignacion_int_stack pop_stack_int
Rule 73    push_pop_stack -> asignacion_float_stack pop_stack_float
Rule 74    operador_condicional -> IGUAL_IGUAL
Rule 75    operador_condicional -> NO_IGUAL
Rule 76    operador_condicional -> MENOR_QUE
Rule 77    operador_condicional -> MENOR_O_IGUAL_QUE
Rule 78    operador_condicional -> MAYOR_QUE
Rule 79    operador_condicional -> MAYOR_O_IGUAL_QUE
Rule 80    operacion_string -> STRING SUMA STRING
Rule 81    operacion_string -> STRING SUMA IDENTIFICADOR
Rule 82    operacion_string -> IDENTIFICADOR SUMA STRING
Rule 83    operacion_string -> IDENTIFICADOR SUMA IDENTIFICADOR
Rule 84    asignacion_int_stack -> STACK MENOR_QUE INT_TYPE MAYOR_QUE IDENTIFICADOR IGUAL NEW STACK MENOR_QUE INT_TYPE MAYOR_QUE PAR_IZQ PAR_DER END_OF_LINE
Rule 85    termino -> termino operador_aritmentico factor
Rule 86    termino -> factor
Rule 87    push_stack_int -> IDENTIFICADOR PUNTO PUSH PAR_IZQ INT PAR_DER END_OF_LINE
Rule 88    asignacion_float_stack -> STACK MENOR_QUE FLOAT_TYPE MAYOR_QUE IDENTIFICADOR IGUAL NEW STACK MENOR_QUE FLOAT_TYPE MAYOR_QUE PAR_IZQ PAR_DER END_OF_LINE
Rule 89    factor -> numero
Rule 90    factor -> PAR_IZQ expresion_operacion_aritmetica PAR_DER
Rule 91    push_stack_float -> IDENTIFICADOR PUNTO PUSH PAR_IZQ FLOAT PAR_DER END_OF_LINE
Rule 92    pop_stack_int -> INT_TYPE IDENTIFICADOR IGUAL IDENTIFICADOR PUNTO POP PAR_IZQ PAR_DER END_OF_LINE
Rule 93    pop_stack_float -> FLOAT_TYPE IDENTIFICADOR IGUAL IDENTIFICADOR PUNTO POP PAR_IZQ PAR_DER END_OF_LINE
Rule 94    empty -> END_OF_LINE
Rule 95    asignacion -> asignacionSimple
Rule 96    asignacion -> asignacionCompuesta
Rule 97    asignacion -> asignacionClase
Rule 98    asignacion -> asignacionEstructuraD
Rule 99    asignacion -> asignacionNull
Rule 100   asignacion -> asignacionIndex
Rule 101   asignacion -> asignacionRef
Rule 102   semantica_lista_add -> asignacion_int_lista
Rule 103   semantica_lista_add -> add_lista_int
Rule 104   semantica_lista_add -> asignacion_int_lista add_lista_int
Rule 105   semantica_lista_add -> asignacion_string_lista
Rule 106   semantica_lista_add -> add_lista_string
Rule 107   semantica_lista_add -> asignacion_string_lista add_lista_string
Rule 108   asignacionSimple -> IDENTIFICADOR IGUAL valor
Rule 109   asignacionSimple -> IDENTIFICADOR IGUAL expresion
Rule 110   asignacionSimple -> IDENTIFICADOR IGUAL salida_tres
Rule 111   asignacionSimple -> IDENTIFICADOR IGUAL index
Rule 112   asignacion_int_lista -> LIST MENOR_QUE INT_TYPE MAYOR_QUE IDENTIFICADOR IGUAL NEW LIST MENOR_QUE INT_TYPE MAYOR_QUE PAR_IZQ PAR_DER END_OF_LINE
Rule 113   add_lista_int -> IDENTIFICADOR PUNTO ADD PAR_IZQ INT PAR_DER END_OF_LINE
Rule 114   asignacionNull -> IDENTIFICADOR IGUAL NULL
Rule 115   asignacion_string_lista -> LIST MENOR_QUE STRING_TYPE MAYOR_QUE IDENTIFICADOR IGUAL NEW LIST MENOR_QUE STRING_TYPE MAYOR_QUE PAR_IZQ PAR_DER END_OF_LINE
Rule 116   asignacionClase -> IDENTIFICADOR IGUAL NEW IDENTIFICADOR PAR_IZQ PAR_DER
Rule 117   add_lista_string -> IDENTIFICADOR PUNTO ADD PAR_IZQ STRING PAR_DER END_OF_LINE
Rule 118   asignacionEstructuraD -> IDENTIFICADOR IGUAL asignacionPila
Rule 119   asignacionEstructuraD -> IDENTIFICADOR IGUAL asignacionQueue
Rule 120   asignacionEstructuraD -> IDENTIFICADOR IGUAL asignacionList
Rule 121   semantica_casting_float_to_int -> FLOAT_TYPE IDENTIFICADOR IGUAL FLOAT END_OF_LINE INT_TYPE IDENTIFICADOR END_OF_LINE cast_float_to_int
Rule 122   asignacionPila -> NEW STACK tipoLista PAR_IZQ PAR_DER
Rule 123   cast_float_to_int -> IDENTIFICADOR IGUAL PAR_IZQ INT_TYPE PAR_DER IDENTIFICADOR END_OF_LINE
Rule 124   asignacionQueue -> NEW QUEUE tipoLista PAR_IZQ PAR_DER
Rule 125   asignacionList -> NEW LIST tipoLista PAR_IZQ PAR_DER
Rule 126   asignacionIndex -> index IGUAL index
Rule 127   asignacionIndex -> index IGUAL valor
Rule 128   index -> IDENTIFICADOR COR_IZQ INT COR_DER
Rule 129   index -> IDENTIFICADOR COR_IZQ IDENTIFICADOR COR_DER
Rule 130   asignacionRef -> IDENTIFICADOR IGUAL REF IDENTIFICADOR
Rule 131   asignacionRef -> IDENTIFICADOR IGUAL REF index
Rule 132   asignacionCompuesta -> asignacionCompuesta_Logic
Rule 133   asignacionCompuesta -> asignacionCompuesta_Number
Rule 134   asignacionCompuesta -> asignacionCompuesta_Null
Rule 135   asignacionCompuesta -> asignacionCompuesta_Shift
Rule 136   asignacionCompuesta_Logic -> IDENTIFICADOR operadoresCompuestosLogic BOOL
Rule 137   asignacionCompuesta_Logic -> IDENTIFICADOR operadoresCompuestosLogic expresion_condicional
Rule 138   asignacionCompuesta_Logic -> IDENTIFICADOR operadoresCompuestosLogic IDENTIFICADOR
Rule 139   asignacionCompuesta_Logic -> IDENTIFICADOR operadoresCompuestosLogic INT
Rule 140   asignacionCompuesta_Number -> IDENTIFICADOR operadoresCompuestosNumber numero
Rule 141   asignacionCompuesta_Number -> IDENTIFICADOR operadoresCompuestosNumber expresion_operacion_aritmetica
Rule 142   asignacionCompuesta_Number -> IDENTIFICADOR operadoresCompuestosNumber IDENTIFICADOR
Rule 143   asignacionCompuesta_Null -> IDENTIFICADOR NULL_EQUAL valor
Rule 144   asignacionCompuesta_Null -> IDENTIFICADOR NULL_EQUAL expresion
Rule 145   asignacionCompuesta_Null -> IDENTIFICADOR NULL_EQUAL asignacionPila
Rule 146   asignacionCompuesta_Null -> IDENTIFICADOR NULL_EQUAL asignacionQueue
Rule 147   asignacionCompuesta_Null -> IDENTIFICADOR NULL_EQUAL asignacionList
Rule 148   asignacionCompuesta_Shift -> IDENTIFICADOR operadoresCompuestosShift IDENTIFICADOR
Rule 149   asignacionCompuesta_Shift -> IDENTIFICADOR operadoresCompuestosShift INT
Rule 150   operadoresCompuestosNumber -> AUMENTADO
Rule 151   operadoresCompuestosNumber -> DECREMENTADO
Rule 152   operadoresCompuestosNumber -> MULTIPLICADO_POR
Rule 153   operadoresCompuestosNumber -> DIVIDIDO_POR
Rule 154   operadoresCompuestosNumber -> MODULO_DE
Rule 155   operadoresCompuestosLogic -> AND_EQUAL
Rule 156   operadoresCompuestosLogic -> OR_EQUAL
Rule 157   operadoresCompuestosLogic -> EXC_OREQUAL
Rule 158   operadoresCompuestosShift -> LEFTSHIFT_EQUAL
Rule 159   operadoresCompuestosShift -> RIGHTSHIFT_EQUAL
Rule 160   declaracion -> valor_tipo IDENTIFICADOR
Rule 161   declaracion -> declaracionEstructuraD
Rule 162   declaracion -> declaracionAsignacion
Rule 163   declaracion -> declaracionClase
Rule 164   declaracion -> declaracionNull
Rule 165   declaracionNull -> valor_tipo OP_TERNARIO IDENTIFICADOR
Rule 166   declaracionClase -> IDENTIFICADOR IDENTIFICADOR
Rule 167   declaracionAsignacion -> valor_tipo asignacionSimple
Rule 168   declaracionAsignacion -> declaracionClase IGUAL NEW IDENTIFICADOR PAR_IZQ PAR_DER
Rule 169   declaracionAsignacion -> declaracionClase IGUAL NULL
Rule 170   declaracionAsignacion -> declaracionClase IGUAL IDENTIFICADOR
Rule 171   declaracionAsignacion -> declaracionNull IGUAL valor
Rule 172   declaracionAsignacion -> declaracionNull IGUAL expresion
Rule 173   declaracionAsignacion -> declaracionNull IGUAL NULL
Rule 174   declaracionAsignacion -> declaracionEstructuraD IGUAL NULL
Rule 175   declaracionAsignacion -> REF valor_tipo asignacionRef
Rule 176   declaracionAsignacion -> REF IDENTIFICADOR asignacionRef
Rule 177   declaracionAsignacion -> REF declaracionEstructuraD asignacionRef
Rule 178   declaracionEstructuraD -> declaracionList
Rule 179   declaracionEstructuraD -> declaracionQueue
Rule 180   declaracionEstructuraD -> declaracionPila
Rule 181   declaracionList -> LIST tipoLista IDENTIFICADOR
Rule 182   declaracionQueue -> QUEUE tipoLista IDENTIFICADOR
Rule 183   declaracionPila -> STACK MENOR_QUE valor_tipo_inicializador MAYOR_QUE IDENTIFICADOR
Rule 184   comparacion -> valor operador_realacional valor
Rule 185   estructura_control -> while
Rule 186   estructura_control -> switch_case
Rule 187   estructura_control -> for
Rule 188   while -> while_normal
Rule 189   while -> while_do
Rule 190   while_normal -> WHILE PAR_IZQ expresion_condicional PAR_DER LLAVE_IZQ body_while LLAVE_DER
Rule 191   while_do -> DO LLAVE_IZQ body_while LLAVE_DER WHILE PAR_IZQ expresion_condicional PAR_DER END_OF_LINE
Rule 192   body_while -> asignacion END_OF_LINE
Rule 193   body_while -> declaracion END_OF_LINE
Rule 194   body_while -> salida_entrada END_OF_LINE
Rule 195   body_while -> BREAK END_OF_LINE
Rule 196   body_while -> CONTINUE END_OF_LINE
Rule 197   body_while -> asignacion END_OF_LINE body_while
Rule 198   body_while -> declaracion END_OF_LINE body_while
Rule 199   body_while -> salida_entrada END_OF_LINE body_while
Rule 200   body_while -> BREAK END_OF_LINE body_while
Rule 201   body_while -> CONTINUE END_OF_LINE body_while
Rule 202   switch_case -> SWITCH PAR_IZQ valor PAR_DER LLAVE_IZQ casos LLAVE_DER
Rule 203   casos -> CASE valor DOS_PUNTOS body_case BREAK END_OF_LINE
Rule 204   casos -> CASE valor DOS_PUNTOS BREAK END_OF_LINE
Rule 205   casos -> CASE valor DOS_PUNTOS body_case BREAK END_OF_LINE casos
Rule 206   casos -> CASE valor DOS_PUNTOS BREAK END_OF_LINE casos
Rule 207   body_case -> asignacion END_OF_LINE
Rule 208   body_case -> declaracion END_OF_LINE
Rule 209   body_case -> comparacion END_OF_LINE
Rule 210   body_case -> salida_entrada END_OF_LINE
Rule 211   body_case -> asignacion END_OF_LINE body_case
Rule 212   body_case -> declaracion END_OF_LINE body_case
Rule 213   body_case -> salida_entrada END_OF_LINE body_case
Rule 214   body_case -> comparacion END_OF_LINE body_case
Rule 215   for -> FOR PAR_IZQ forInicializador END_OF_LINE forCondicion END_OF_LINE forIterador PAR_DER LLAVE_IZQ body LLAVE_DER
Rule 216   forIterador -> IDENTIFICADOR operadorForIteracion
Rule 217   operadorForIteracion -> INCREMENTO
Rule 218   operadorForIteracion -> DECREMENTO
Rule 219   forCondicion -> IDENTIFICADOR operador_condicional valorForCondicion
Rule 220   valorForCondicion -> FLOAT
Rule 221   valorForCondicion -> DOUBLE
Rule 222   valorForCondicion -> INT
Rule 223   valorForCondicion -> IDENTIFICADOR
Rule 224   forInicializador -> tipoDatoForInicializador IDENTIFICADOR IGUAL valorForInicializador
Rule 225   forInicializador -> IDENTIFICADOR IGUAL valorForInicializador
Rule 226   tipoDatoForInicializador -> FLOAT_TYPE
Rule 227   tipoDatoForInicializador -> DOUBLE_TYPE
Rule 228   tipoDatoForInicializador -> INT_TYPE
Rule 229   valorForInicializador -> FLOAT
Rule 230   valorForInicializador -> DOUBLE
Rule 231   valorForInicializador -> INT
Rule 232   valorForInicializador -> IDENTIFICADOR
Rule 233   estructura_datos -> lista
Rule 234   estructura_datos -> pila
Rule 235   lista -> LIST tipoLista IDENTIFICADOR IGUAL NEW LIST tipoLista PAR_IZQ PAR_DER END_OF_LINE
Rule 236   tipoLista -> MENOR_QUE valor_tipo_inicializador MAYOR_QUE
Rule 237   funciones_estructura_datos_lista -> add_lista
Rule 238   add_lista -> IDENTIFICADOR PUNTO ADD PAR_IZQ valor PAR_DER
Rule 239   pila -> STACK MENOR_QUE valor_tipo_inicializador MAYOR_QUE IDENTIFICADOR IGUAL NEW STACK MENOR_QUE valor_tipo_inicializador MAYOR_QUE PAR_IZQ PAR_DER END_OF_LINE
Rule 240   funciones_estructura_datos -> stack_push
Rule 241   funciones_estructura_datos -> stack_pop
Rule 242   stack_push -> IDENTIFICADOR PUNTO PUSH PAR_IZQ valor PAR_DER
Rule 243   stack_push -> IDENTIFICADOR PUNTO PUSH PAR_IZQ NEW IDENTIFICADOR PAR_IZQ PAR_DER PAR_DER
Rule 244   stack_pop -> IDENTIFICADOR PUNTO POP PAR_IZQ PAR_DER
Rule 245   expresion -> expresion_operacion_aritmetica
Rule 246   expresion -> expresion_condicional
Rule 247   expresion_operacion_aritmetica -> expresion_operacion_aritmetica operador_aritmentico termino
Rule 248   expresion_operacion_aritmetica -> numero operador_aritmentico expresion_operacion_aritmetica
Rule 249   expresion_operacion_aritmetica -> numero operador_aritmentico numero
Rule 250   expresion_operacion_aritmetica -> numero operador_aritmentico IDENTIFICADOR
Rule 251   expresion_operacion_aritmetica -> IDENTIFICADOR operador_aritmentico numero
Rule 252   expresion_operacion_aritmetica -> IDENTIFICADOR operador_aritmentico IDENTIFICADOR
Rule 253   expresion_operacion_aritmetica -> termino
Rule 254   expresion_condicional -> numero operador_condicional numero
Rule 255   expresion_condicional -> IDENTIFICADOR operador_condicional IDENTIFICADOR
Rule 256   expresion_condicional -> IDENTIFICADOR operador_condicional numero
Rule 257   expresion_condicional -> numero operador_condicional IDENTIFICADOR
Rule 258   salida_entrada -> salida_uno
Rule 259   salida_entrada -> salida_dos
Rule 260   salida_entrada -> salida_tres
Rule 261   salida_uno -> CONSOLE_WRITELINE PAR_IZQ STRING PAR_DER
Rule 262   salida_uno -> CONSOLE_WRITELINE PAR_IZQ operacion_string PAR_DER
Rule 263   salida_uno -> CONSOLE_WRITELINE PAR_IZQ IDENTIFICADOR PAR_DER
Rule 264   salida_dos -> CONSOLE_WRITELINE PAR_IZQ C_CADENA_INTERPOLADA STRING PAR_DER
Rule 265   salida_tres -> CONSOLE_READLINE PAR_IZQ PAR_DER
Rule 266   funcion -> funcion_tipo_uno
Rule 267   funcion -> funcion_tipo_tres
Rule 268   funcion_tipo_uno -> modificador_acceso VOID IDENTIFICADOR PAR_IZQ PAR_DER LLAVE_IZQ body LLAVE_DER
Rule 269   funcion_tipo_tres -> modificador_acceso VOID IDENTIFICADOR PAR_IZQ parametrosF PAR_DER LLAVE_IZQ bodyF LLAVE_DER
Rule 270   parametrosF -> declaracion
Rule 271   parametrosF -> declaracion COMA parametrosF
Rule 272   bodyF -> asignacion END_OF_LINE
Rule 273   bodyF -> declaracion END_OF_LINE
Rule 274   bodyF -> salida_entrada END_OF_LINE
Rule 275   bodyF -> asignacion END_OF_LINE bodyF
Rule 276   bodyF -> declaracion END_OF_LINE bodyF
Rule 277   bodyF -> salida_entrada END_OF_LINE bodyF
Rule 278   lambda_exp -> lambdaArg LAMBDA lambdaCuerpo
Rule 279   lambdaArg -> PAR_IZQ PAR_DER
Rule 280   lambdaArg -> PAR_IZQ lambdaParametrosUno PAR_DER
Rule 281   lambdaArg -> PAR_IZQ lambdaParametrosDos PAR_DER
Rule 282   lambdaArg -> IDENTIFICADOR
Rule 283   lambdaParametrosUno -> valor_tipo IDENTIFICADOR
Rule 284   lambdaParametrosUno -> valor_tipo IDENTIFICADOR COMA lambdaParametrosUno
Rule 285   lambdaParametrosDos -> IDENTIFICADOR
Rule 286   lambdaParametrosDos -> IDENTIFICADOR COMA lambdaParametrosDos
Rule 287   lambdaCuerpo -> expresion
Rule 288   lambdaCuerpo -> salida_uno
Rule 289   lambdaCuerpo -> salida_dos

Terminals, with rules where they appear

ADD                  : 113 117 238
AND                  : 
AND_EQUAL            : 155
AUMENTADO            : 150
BOOL                 : 9 136
BOOL_TYPE            : 30 41
BREAK                : 195 200 203 204 205 206
BYTE                 : 
CASE                 : 203 204 205 206
CHAR                 : 7
CHAR_TYPE            : 26 42
CLASS                : 
COMA                 : 271 284 286
COMILLA_DOBLE        : 
COMILLA_SIMPLE       : 
CONSOLE_READLINE     : 265
CONSOLE_WRITELINE    : 261 262 263 264
CONST                : 
CONTINUE             : 196 201
COR_DER              : 128 129
COR_IZQ              : 128 129
C_CADENA_INTERPOLADA : 264
C_IDENT_TEXTUAL      : 
DECREMENTADO         : 151
DECREMENTO           : 218
DEFAULT              : 
DIVIDIDO_POR         : 153
DIVISION             : 59
DO                   : 191
DOS_PUNTOS           : 203 204 205 206
DOUBLE               : 19 221 230
DOUBLE_TYPE          : 28 38 227
ELSE                 : 
END_OF_LINE          : 5 21 24 25 32 44 45 84 87 88 91 92 93 94 112 113 115 117 121 121 123 191 192 193 194 195 196 197 198 199 200 201 203 204 205 206 207 208 209 210 211 212 213 214 215 215 235 239 272 273 274 275 276 277
ENQUEUE              : 24 32
EXC_OREQUAL          : 157
FINALLY              : 
FLOAT                : 18 91 121 220 229
FLOAT_TYPE           : 27 37 88 88 93 121 226
FOR                  : 215
GLOBAL               : 
IDENTIFICADOR        : 11 21 24 25 32 43 44 45 81 82 83 83 84 87 88 91 92 92 93 93 108 109 110 111 112 113 114 115 116 116 117 118 119 120 121 121 123 123 128 129 129 130 130 131 136 137 138 138 139 140 141 142 142 143 144 145 146 147 148 148 149 160 165 166 166 168 170 176 181 182 183 216 219 223 224 225 232 235 238 239 242 243 243 244 250 251 252 252 255 255 256 257 263 268 269 282 283 284 285 286
IGUAL                : 21 25 45 84 88 92 93 108 109 110 111 112 114 115 116 118 119 120 121 123 126 127 130 131 168 169 170 171 172 173 174 224 225 235 239
IGUAL_IGUAL          : 49 74
IN                   : 
INCREMENTO           : 217
INT                  : 20 24 87 113 128 139 149 222 231
INT_TYPE             : 21 21 29 40 84 84 92 112 112 121 123 228
IR                   : 
LAMBDA               : 278
LEFTSHIFT_EQUAL      : 158
LET                  : 
LIST                 : 112 112 115 115 125 181 235 235
LLAVE_DER            : 190 191 202 215 268 269
LLAVE_IZQ            : 190 191 202 215 268 269
MAYOR_O_IGUAL_QUE    : 54 79
MAYOR_QUE            : 21 21 25 25 53 78 84 84 88 88 112 112 115 115 183 236 239 239
MENOR_O_IGUAL_QUE    : 52 77
MENOR_QUE            : 21 21 25 25 51 76 84 84 88 88 112 112 115 115 183 236 239 239
MODULO               : 60
MODULO_DE            : 154
MULTIPLICACION       : 58
MULTIPLICADO_POR     : 152
NEGACION             : 
NEW                  : 21 25 84 88 112 115 116 122 124 125 168 235 239 243
NOR                  : 
NO_IGUAL             : 50 75
NULL                 : 114 169 173 174
NULL_EQUAL           : 143 144 145 146 147
NULL_VAL             : 
OBJECT               : 
ON                   : 
OP_TERNARIO          : 165
OR                   : 
ORDERBY              : 
OR_EQUAL             : 156
PAR_DER              : 21 24 25 32 44 84 87 88 90 91 92 93 112 113 115 116 117 122 123 124 125 168 190 191 202 215 235 238 239 242 243 243 244 261 262 263 264 265 268 269 279 280 281
PAR_IZQ              : 21 24 25 32 44 84 87 88 90 91 92 93 112 113 115 116 117 122 123 124 125 168 190 191 202 215 235 238 239 242 243 243 244 261 262 263 264 265 268 269 279 280 281
POP                  : 92 93 244
PRIVATE              : 46
PROTECTED            : 47
PUBLIC               : 48
PUNTO                : 24 32 44 87 91 92 93 113 117 238 242 243 244
PUSH                 : 87 91 242 243
QUEUE                : 21 21 25 25 124 182
REF                  : 130 131 175 176 177
RESTA                : 57
RETURN               : 
RIGHTSHIFT_EQUAL     : 159
SHIFT_MAYOR          : 
SHIFT_MENOR          : 
SIMPLE_AND           : 
SIMPLE_OR            : 
STACK                : 84 84 88 88 122 183 239 239
STRING               : 10 32 45 80 80 81 82 117 261 264
STRING_TYPE          : 25 25 31 39 45 115 115
STRUCT               : 
SUMA                 : 56 80 81 82 83
SWITCH               : 202
THIS                 : 
TO_UPPER             : 44
TYPEOF               : 
VAR                  : 
VOID                 : 23 268 269
WHEN                 : 
WHERE                : 
WHILE                : 190 191
error                : 

Nonterminals, with rules where they appear

add_lista            : 237
add_lista_int        : 103 104
add_lista_string     : 106 107
add_queue            : 4
asignacion           : 192 197 207 211 272 275
asignacionClase      : 97
asignacionCompuesta  : 96
asignacionCompuesta_Logic : 132
asignacionCompuesta_Null : 134
asignacionCompuesta_Number : 133
asignacionCompuesta_Shift : 135
asignacionEstructuraD : 98
asignacionIndex      : 100
asignacionList       : 120 147
asignacionNull       : 99
asignacionPila       : 118 145
asignacionQueue      : 119 146
asignacionRef        : 101 175 176 177
asignacionSimple     : 95 167
asignacion_float_stack : 65 67 71 73
asignacion_int_cola  : 12 14
asignacion_int_lista : 102 104
asignacion_int_stack : 62 64 70 72
asignacion_string    : 33 35 36
asignacion_string_cola : 15 17
asignacion_string_lista : 105 107
body                 : 215 268 0
bodyF                : 269 275 276 277
body_case            : 203 205 211 212 213 214
body_while           : 190 191 197 198 199 200 201
casos                : 202 205 206
cast_float_to_int    : 5 121
comparacion          : 209 214
declaracion          : 193 198 208 212 270 271 273 276
declaracionAsignacion : 162
declaracionClase     : 163 168 169 170
declaracionEstructuraD : 161 174 177
declaracionList      : 178
declaracionNull      : 164 171 172 173
declaracionPila      : 180
declaracionQueue     : 179
empty                : 
encolar_int          : 13 14
encolar_string       : 16 17
estructura_control   : 
estructura_datos     : 
expresion            : 109 144 172 287
expresion_condicional : 137 190 191 246
expresion_operacion_aritmetica : 90 141 245 247 248
factor               : 85 86
for                  : 187
forCondicion         : 215
forInicializador     : 215
forIterador          : 215
ftipo                : 
funcion              : 
funcion_tipo_tres    : 267
funcion_tipo_uno     : 266
funciones_estructura_datos : 
funciones_estructura_datos_lista : 
index                : 111 126 126 127 131
lambdaArg            : 278
lambdaCuerpo         : 278
lambdaParametrosDos  : 281 286
lambdaParametrosUno  : 280 284
lambda_exp           : 
lista                : 233
modificador_acceso   : 268 269
numero               : 8 89 140 248 249 249 250 251 254 254 256 257
operacion_string     : 262
operacionesStack     : 55
operadorForIteracion : 216
operador_aritmentico : 85 247 248 249 250 251 252
operador_condicional : 219 254 255 256 257
operador_realacional : 184
operadoresCompuestosLogic : 136 137 138 139
operadoresCompuestosNumber : 140 141 142
operadoresCompuestosShift : 148 149
parametrosF          : 269 271
pila                 : 234
pop_stack_float      : 69 71 73
pop_stack_int        : 68 70 72
push_pop_stack       : 61
push_stack_float     : 66 67 71
push_stack_int       : 63 64 70
salida_dos           : 259 289
salida_entrada       : 194 199 210 213 274 277
salida_tres          : 110 260
salida_uno           : 258 288
semantica_casting_float_to_int : 2
semantica_lista_add  : 1
semantica_stack      : 3
stack_pop            : 241
stack_push           : 240
str_to_upper_case    : 34 35 36
switch_case          : 186
termino              : 85 247 253
tipoDatoForInicializador : 224
tipoLista            : 122 124 125 181 182 235 235
to_upper_case        : 6 36
valor                : 108 127 143 171 184 184 202 203 204 205 206 238 242
valorForCondicion    : 219
valorForInicializador : 224 225
valor_tipo           : 22 160 165 167 175 283 284
valor_tipo_inicializador : 183 236 239 239
while                : 185
while_do             : 189
while_normal         : 188

Parsing method: LALR

state 0

    (0) S' -> . body
    (1) body -> . semantica_lista_add
    (2) body -> . semantica_casting_float_to_int
    (3) body -> . semantica_stack
    (4) body -> . add_queue
    (5) body -> . cast_float_to_int END_OF_LINE
    (6) body -> . to_upper_case
    (102) semantica_lista_add -> . asignacion_int_lista
    (103) semantica_lista_add -> . add_lista_int
    (104) semantica_lista_add -> . asignacion_int_lista add_lista_int
    (105) semantica_lista_add -> . asignacion_string_lista
    (106) semantica_lista_add -> . add_lista_string
    (107) semantica_lista_add -> . asignacion_string_lista add_lista_string
    (121) semantica_casting_float_to_int -> . FLOAT_TYPE IDENTIFICADOR IGUAL FLOAT END_OF_LINE INT_TYPE IDENTIFICADOR END_OF_LINE cast_float_to_int
    (55) semantica_stack -> . operacionesStack
    (12) add_queue -> . asignacion_int_cola
    (13) add_queue -> . encolar_int
    (14) add_queue -> . asignacion_int_cola encolar_int
    (15) add_queue -> . asignacion_string_cola
    (16) add_queue -> . encolar_string
    (17) add_queue -> . asignacion_string_cola encolar_string
    (123) cast_float_to_int -> . IDENTIFICADOR IGUAL PAR_IZQ INT_TYPE PAR_DER IDENTIFICADOR END_OF_LINE
    (33) to_upper_case -> . asignacion_string
    (34) to_upper_case -> . str_to_upper_case
    (35) to_upper_case -> . asignacion_string str_to_upper_case
    (36) to_upper_case -> . asignacion_string str_to_upper_case to_upper_case
    (112) asignacion_int_lista -> . LIST MENOR_QUE INT_TYPE MAYOR_QUE IDENTIFICADOR IGUAL NEW LIST MENOR_QUE INT_TYPE MAYOR_QUE PAR_IZQ PAR_DER END_OF_LINE
    (113) add_lista_int -> . IDENTIFICADOR PUNTO ADD PAR_IZQ INT PAR_DER END_OF_LINE
    (115) asignacion_string_lista -> . LIST MENOR_QUE STRING_TYPE MAYOR_QUE IDENTIFICADOR IGUAL NEW LIST MENOR_QUE STRING_TYPE MAYOR_QUE PAR_IZQ PAR_DER END_OF_LINE
    (117) add_lista_string -> . IDENTIFICADOR PUNTO ADD PAR_IZQ STRING PAR_DER END_OF_LINE
    (61) operacionesStack -> . push_pop_stack
    (21) asignacion_int_cola -> . QUEUE MENOR_QUE INT_TYPE MAYOR_QUE IDENTIFICADOR IGUAL NEW QUEUE MENOR_QUE INT_TYPE MAYOR_QUE PAR_IZQ PAR_DER END_OF_LINE
    (24) encolar_int -> . IDENTIFICADOR PUNTO ENQUEUE PAR_IZQ INT PAR_DER END_OF_LINE
    (25) asignacion_string_cola -> . QUEUE MENOR_QUE STRING_TYPE MAYOR_QUE IDENTIFICADOR IGUAL NEW QUEUE MENOR_QUE STRING_TYPE MAYOR_QUE PAR_IZQ PAR_DER END_OF_LINE
    (32) encolar_string -> . IDENTIFICADOR PUNTO ENQUEUE PAR_IZQ STRING PAR_DER END_OF_LINE
    (45) asignacion_string -> . STRING_TYPE IDENTIFICADOR IGUAL STRING END_OF_LINE
    (44) str_to_upper_case -> . IDENTIFICADOR PUNTO TO_UPPER PAR_IZQ PAR_DER END_OF_LINE
    (62) push_pop_stack -> . asignacion_int_stack
    (63) push_pop_stack -> . push_stack_int
    (64) push_pop_stack -> . asignacion_int_stack push_stack_int
    (65) push_pop_stack -> . asignacion_float_stack
    (66) push_pop_stack -> . push_stack_float
    (67) push_pop_stack -> . asignacion_float_stack push_stack_float
    (68) push_pop_stack -> . pop_stack_int
    (69) push_pop_stack -> . pop_stack_float
    (70) push_pop_stack -> . asignacion_int_stack push_stack_int pop_stack_int
    (71) push_pop_stack -> . asignacion_float_stack push_stack_float pop_stack_float
    (72) push_pop_stack -> . asignacion_int_stack pop_stack_int
    (73) push_pop_stack -> . asignacion_float_stack pop_stack_float
    (84) asignacion_int_stack -> . STACK MENOR_QUE INT_TYPE MAYOR_QUE IDENTIFICADOR IGUAL NEW STACK MENOR_QUE INT_TYPE MAYOR_QUE PAR_IZQ PAR_DER END_OF_LINE
    (87) push_stack_int -> . IDENTIFICADOR PUNTO PUSH PAR_IZQ INT PAR_DER END_OF_LINE
    (88) asignacion_float_stack -> . STACK MENOR_QUE FLOAT_TYPE MAYOR_QUE IDENTIFICADOR IGUAL NEW STACK MENOR_QUE FLOAT_TYPE MAYOR_QUE PAR_IZQ PAR_DER END_OF_LINE
    (91) push_stack_float -> . IDENTIFICADOR PUNTO PUSH PAR_IZQ FLOAT PAR_DER END_OF_LINE
    (92) pop_stack_int -> . INT_TYPE IDENTIFICADOR IGUAL IDENTIFICADOR PUNTO POP PAR_IZQ PAR_DER END_OF_LINE
    (93) pop_stack_float -> . FLOAT_TYPE IDENTIFICADOR IGUAL IDENTIFICADOR PUNTO POP PAR_IZQ PAR_DER END_OF_LINE

    FLOAT_TYPE      shift and go to state 12
    IDENTIFICADOR   shift and go to state 13
    LIST            shift and go to state 22
    QUEUE           shift and go to state 25
    STRING_TYPE     shift and go to state 23
    STACK           shift and go to state 32
    INT_TYPE        shift and go to state 14

    body                           shift and go to state 1
    semantica_lista_add            shift and go to state 2
    semantica_casting_float_to_int shift and go to state 3
    semantica_stack                shift and go to state 4
    add_queue                      shift and go to state 5
    cast_float_to_int              shift and go to state 6
    to_upper_case                  shift and go to state 7
    asignacion_int_lista           shift and go to state 8
    add_lista_int                  shift and go to state 9
    asignacion_string_lista        shift and go to state 10
    add_lista_string               shift and go to state 11
    operacionesStack               shift and go to state 15
    asignacion_int_cola            shift and go to state 16
    encolar_int                    shift and go to state 17
    asignacion_string_cola         shift and go to state 18
    encolar_string                 shift and go to state 19
    asignacion_string              shift and go to state 20
    str_to_upper_case              shift and go to state 21
    push_pop_stack                 shift and go to state 24
    asignacion_int_stack           shift and go to state 26
    push_stack_int                 shift and go to state 27
    asignacion_float_stack         shift and go to state 28
    push_stack_float               shift and go to state 29
    pop_stack_int                  shift and go to state 30
    pop_stack_float                shift and go to state 31

state 1

    (0) S' -> body .



state 2

    (1) body -> semantica_lista_add .

    $end            reduce using rule 1 (body -> semantica_lista_add .)


state 3

    (2) body -> semantica_casting_float_to_int .

    $end            reduce using rule 2 (body -> semantica_casting_float_to_int .)


state 4

    (3) body -> semantica_stack .

    $end            reduce using rule 3 (body -> semantica_stack .)


state 5

    (4) body -> add_queue .

    $end            reduce using rule 4 (body -> add_queue .)


state 6

    (5) body -> cast_float_to_int . END_OF_LINE

    END_OF_LINE     shift and go to state 33


state 7

    (6) body -> to_upper_case .

    $end            reduce using rule 6 (body -> to_upper_case .)


state 8

    (102) semantica_lista_add -> asignacion_int_lista .
    (104) semantica_lista_add -> asignacion_int_lista . add_lista_int
    (113) add_lista_int -> . IDENTIFICADOR PUNTO ADD PAR_IZQ INT PAR_DER END_OF_LINE

    $end            reduce using rule 102 (semantica_lista_add -> asignacion_int_lista .)
    IDENTIFICADOR   shift and go to state 35

    add_lista_int                  shift and go to state 34

state 9

    (103) semantica_lista_add -> add_lista_int .

    $end            reduce using rule 103 (semantica_lista_add -> add_lista_int .)


state 10

    (105) semantica_lista_add -> asignacion_string_lista .
    (107) semantica_lista_add -> asignacion_string_lista . add_lista_string
    (117) add_lista_string -> . IDENTIFICADOR PUNTO ADD PAR_IZQ STRING PAR_DER END_OF_LINE

    $end            reduce using rule 105 (semantica_lista_add -> asignacion_string_lista .)
    IDENTIFICADOR   shift and go to state 37

    add_lista_string               shift and go to state 36

state 11

    (106) semantica_lista_add -> add_lista_string .

    $end            reduce using rule 106 (semantica_lista_add -> add_lista_string .)


state 12

    (121) semantica_casting_float_to_int -> FLOAT_TYPE . IDENTIFICADOR IGUAL FLOAT END_OF_LINE INT_TYPE IDENTIFICADOR END_OF_LINE cast_float_to_int
    (93) pop_stack_float -> FLOAT_TYPE . IDENTIFICADOR IGUAL IDENTIFICADOR PUNTO POP PAR_IZQ PAR_DER END_OF_LINE

    IDENTIFICADOR   shift and go to state 38


state 13

    (123) cast_float_to_int -> IDENTIFICADOR . IGUAL PAR_IZQ INT_TYPE PAR_DER IDENTIFICADOR END_OF_LINE
    (113) add_lista_int -> IDENTIFICADOR . PUNTO ADD PAR_IZQ INT PAR_DER END_OF_LINE
    (117) add_lista_string -> IDENTIFICADOR . PUNTO ADD PAR_IZQ STRING PAR_DER END_OF_LINE
    (24) encolar_int -> IDENTIFICADOR . PUNTO ENQUEUE PAR_IZQ INT PAR_DER END_OF_LINE
    (32) encolar_string -> IDENTIFICADOR . PUNTO ENQUEUE PAR_IZQ STRING PAR_DER END_OF_LINE
    (44) str_to_upper_case -> IDENTIFICADOR . PUNTO TO_UPPER PAR_IZQ PAR_DER END_OF_LINE
    (87) push_stack_int -> IDENTIFICADOR . PUNTO PUSH PAR_IZQ INT PAR_DER END_OF_LINE
    (91) push_stack_float -> IDENTIFICADOR . PUNTO PUSH PAR_IZQ FLOAT PAR_DER END_OF_LINE

    IGUAL           shift and go to state 39
    PUNTO           shift and go to state 40


state 14

    (92) pop_stack_int -> INT_TYPE . IDENTIFICADOR IGUAL IDENTIFICADOR PUNTO POP PAR_IZQ PAR_DER END_OF_LINE

    IDENTIFICADOR   shift and go to state 41


state 15

    (55) semantica_stack -> operacionesStack .

    $end            reduce using rule 55 (semantica_stack -> operacionesStack .)


state 16

    (12) add_queue -> asignacion_int_cola .
    (14) add_queue -> asignacion_int_cola . encolar_int
    (24) encolar_int -> . IDENTIFICADOR PUNTO ENQUEUE PAR_IZQ INT PAR_DER END_OF_LINE

    $end            reduce using rule 12 (add_queue -> asignacion_int_cola .)
    IDENTIFICADOR   shift and go to state 43

    encolar_int                    shift and go to state 42

state 17

    (13) add_queue -> encolar_int .

    $end            reduce using rule 13 (add_queue -> encolar_int .)


state 18

    (15) add_queue -> asignacion_string_cola .
    (17) add_queue -> asignacion_string_cola . encolar_string
    (32) encolar_string -> . IDENTIFICADOR PUNTO ENQUEUE PAR_IZQ STRING PAR_DER END_OF_LINE

    $end            reduce using rule 15 (add_queue -> asignacion_string_cola .)
    IDENTIFICADOR   shift and go to state 45

    encolar_string                 shift and go to state 44

state 19

    (16) add_queue -> encolar_string .

    $end            reduce using rule 16 (add_queue -> encolar_string .)


state 20

    (33) to_upper_case -> asignacion_string .
    (35) to_upper_case -> asignacion_string . str_to_upper_case
    (36) to_upper_case -> asignacion_string . str_to_upper_case to_upper_case
    (44) str_to_upper_case -> . IDENTIFICADOR PUNTO TO_UPPER PAR_IZQ PAR_DER END_OF_LINE

    $end            reduce using rule 33 (to_upper_case -> asignacion_string .)
    IDENTIFICADOR   shift and go to state 47

    str_to_upper_case              shift and go to state 46

state 21

    (34) to_upper_case -> str_to_upper_case .

    $end            reduce using rule 34 (to_upper_case -> str_to_upper_case .)


state 22

    (112) asignacion_int_lista -> LIST . MENOR_QUE INT_TYPE MAYOR_QUE IDENTIFICADOR IGUAL NEW LIST MENOR_QUE INT_TYPE MAYOR_QUE PAR_IZQ PAR_DER END_OF_LINE
    (115) asignacion_string_lista -> LIST . MENOR_QUE STRING_TYPE MAYOR_QUE IDENTIFICADOR IGUAL NEW LIST MENOR_QUE STRING_TYPE MAYOR_QUE PAR_IZQ PAR_DER END_OF_LINE

    MENOR_QUE       shift and go to state 48


state 23

    (45) asignacion_string -> STRING_TYPE . IDENTIFICADOR IGUAL STRING END_OF_LINE

    IDENTIFICADOR   shift and go to state 49


state 24

    (61) operacionesStack -> push_pop_stack .

    $end            reduce using rule 61 (operacionesStack -> push_pop_stack .)


state 25

    (21) asignacion_int_cola -> QUEUE . MENOR_QUE INT_TYPE MAYOR_QUE IDENTIFICADOR IGUAL NEW QUEUE MENOR_QUE INT_TYPE MAYOR_QUE PAR_IZQ PAR_DER END_OF_LINE
    (25) asignacion_string_cola -> QUEUE . MENOR_QUE STRING_TYPE MAYOR_QUE IDENTIFICADOR IGUAL NEW QUEUE MENOR_QUE STRING_TYPE MAYOR_QUE PAR_IZQ PAR_DER END_OF_LINE

    MENOR_QUE       shift and go to state 50


state 26

    (62) push_pop_stack -> asignacion_int_stack .
    (64) push_pop_stack -> asignacion_int_stack . push_stack_int
    (70) push_pop_stack -> asignacion_int_stack . push_stack_int pop_stack_int
    (72) push_pop_stack -> asignacion_int_stack . pop_stack_int
    (87) push_stack_int -> . IDENTIFICADOR PUNTO PUSH PAR_IZQ INT PAR_DER END_OF_LINE
    (92) pop_stack_int -> . INT_TYPE IDENTIFICADOR IGUAL IDENTIFICADOR PUNTO POP PAR_IZQ PAR_DER END_OF_LINE

    $end            reduce using rule 62 (push_pop_stack -> asignacion_int_stack .)
    IDENTIFICADOR   shift and go to state 53
    INT_TYPE        shift and go to state 14

    push_stack_int                 shift and go to state 51
    pop_stack_int                  shift and go to state 52

state 27

    (63) push_pop_stack -> push_stack_int .

    $end            reduce using rule 63 (push_pop_stack -> push_stack_int .)


state 28

    (65) push_pop_stack -> asignacion_float_stack .
    (67) push_pop_stack -> asignacion_float_stack . push_stack_float
    (71) push_pop_stack -> asignacion_float_stack . push_stack_float pop_stack_float
    (73) push_pop_stack -> asignacion_float_stack . pop_stack_float
    (91) push_stack_float -> . IDENTIFICADOR PUNTO PUSH PAR_IZQ FLOAT PAR_DER END_OF_LINE
    (93) pop_stack_float -> . FLOAT_TYPE IDENTIFICADOR IGUAL IDENTIFICADOR PUNTO POP PAR_IZQ PAR_DER END_OF_LINE

    $end            reduce using rule 65 (push_pop_stack -> asignacion_float_stack .)
    IDENTIFICADOR   shift and go to state 56
    FLOAT_TYPE      shift and go to state 57

    push_stack_float               shift and go to state 54
    pop_stack_float                shift and go to state 55

state 29

    (66) push_pop_stack -> push_stack_float .

    $end            reduce using rule 66 (push_pop_stack -> push_stack_float .)


state 30

    (68) push_pop_stack -> pop_stack_int .

    $end            reduce using rule 68 (push_pop_stack -> pop_stack_int .)


state 31

    (69) push_pop_stack -> pop_stack_float .

    $end            reduce using rule 69 (push_pop_stack -> pop_stack_float .)


state 32

    (84) asignacion_int_stack -> STACK . MENOR_QUE INT_TYPE MAYOR_QUE IDENTIFICADOR IGUAL NEW STACK MENOR_QUE INT_TYPE MAYOR_QUE PAR_IZQ PAR_DER END_OF_LINE
    (88) asignacion_float_stack -> STACK . MENOR_QUE FLOAT_TYPE MAYOR_QUE IDENTIFICADOR IGUAL NEW STACK MENOR_QUE FLOAT_TYPE MAYOR_QUE PAR_IZQ PAR_DER END_OF_LINE

    MENOR_QUE       shift and go to state 58


state 33

    (5) body -> cast_float_to_int END_OF_LINE .

    $end            reduce using rule 5 (body -> cast_float_to_int END_OF_LINE .)


state 34

    (104) semantica_lista_add -> asignacion_int_lista add_lista_int .

    $end            reduce using rule 104 (semantica_lista_add -> asignacion_int_lista add_lista_int .)


state 35

    (113) add_lista_int -> IDENTIFICADOR . PUNTO ADD PAR_IZQ INT PAR_DER END_OF_LINE

    PUNTO           shift and go to state 59


state 36

    (107) semantica_lista_add -> asignacion_string_lista add_lista_string .

    $end            reduce using rule 107 (semantica_lista_add -> asignacion_string_lista add_lista_string .)


state 37

    (117) add_lista_string -> IDENTIFICADOR . PUNTO ADD PAR_IZQ STRING PAR_DER END_OF_LINE

    PUNTO           shift and go to state 60


state 38

    (121) semantica_casting_float_to_int -> FLOAT_TYPE IDENTIFICADOR . IGUAL FLOAT END_OF_LINE INT_TYPE IDENTIFICADOR END_OF_LINE cast_float_to_int
    (93) pop_stack_float -> FLOAT_TYPE IDENTIFICADOR . IGUAL IDENTIFICADOR PUNTO POP PAR_IZQ PAR_DER END_OF_LINE

    IGUAL           shift and go to state 61


state 39

    (123) cast_float_to_int -> IDENTIFICADOR IGUAL . PAR_IZQ INT_TYPE PAR_DER IDENTIFICADOR END_OF_LINE

    PAR_IZQ         shift and go to state 62


state 40

    (113) add_lista_int -> IDENTIFICADOR PUNTO . ADD PAR_IZQ INT PAR_DER END_OF_LINE
    (117) add_lista_string -> IDENTIFICADOR PUNTO . ADD PAR_IZQ STRING PAR_DER END_OF_LINE
    (24) encolar_int -> IDENTIFICADOR PUNTO . ENQUEUE PAR_IZQ INT PAR_DER END_OF_LINE
    (32) encolar_string -> IDENTIFICADOR PUNTO . ENQUEUE PAR_IZQ STRING PAR_DER END_OF_LINE
    (44) str_to_upper_case -> IDENTIFICADOR PUNTO . TO_UPPER PAR_IZQ PAR_DER END_OF_LINE
    (87) push_stack_int -> IDENTIFICADOR PUNTO . PUSH PAR_IZQ INT PAR_DER END_OF_LINE
    (91) push_stack_float -> IDENTIFICADOR PUNTO . PUSH PAR_IZQ FLOAT PAR_DER END_OF_LINE

    ADD             shift and go to state 63
    ENQUEUE         shift and go to state 64
    TO_UPPER        shift and go to state 65
    PUSH            shift and go to state 66


state 41

    (92) pop_stack_int -> INT_TYPE IDENTIFICADOR . IGUAL IDENTIFICADOR PUNTO POP PAR_IZQ PAR_DER END_OF_LINE

    IGUAL           shift and go to state 67


state 42

    (14) add_queue -> asignacion_int_cola encolar_int .

    $end            reduce using rule 14 (add_queue -> asignacion_int_cola encolar_int .)


state 43

    (24) encolar_int -> IDENTIFICADOR . PUNTO ENQUEUE PAR_IZQ INT PAR_DER END_OF_LINE

    PUNTO           shift and go to state 68


state 44

    (17) add_queue -> asignacion_string_cola encolar_string .

    $end            reduce using rule 17 (add_queue -> asignacion_string_cola encolar_string .)


state 45

    (32) encolar_string -> IDENTIFICADOR . PUNTO ENQUEUE PAR_IZQ STRING PAR_DER END_OF_LINE

    PUNTO           shift and go to state 69


state 46

    (35) to_upper_case -> asignacion_string str_to_upper_case .
    (36) to_upper_case -> asignacion_string str_to_upper_case . to_upper_case
    (33) to_upper_case -> . asignacion_string
    (34) to_upper_case -> . str_to_upper_case
    (35) to_upper_case -> . asignacion_string str_to_upper_case
    (36) to_upper_case -> . asignacion_string str_to_upper_case to_upper_case
    (45) asignacion_string -> . STRING_TYPE IDENTIFICADOR IGUAL STRING END_OF_LINE
    (44) str_to_upper_case -> . IDENTIFICADOR PUNTO TO_UPPER PAR_IZQ PAR_DER END_OF_LINE

    $end            reduce using rule 35 (to_upper_case -> asignacion_string str_to_upper_case .)
    STRING_TYPE     shift and go to state 23
    IDENTIFICADOR   shift and go to state 47

    asignacion_string              shift and go to state 20
    str_to_upper_case              shift and go to state 21
    to_upper_case                  shift and go to state 70

state 47

    (44) str_to_upper_case -> IDENTIFICADOR . PUNTO TO_UPPER PAR_IZQ PAR_DER END_OF_LINE

    PUNTO           shift and go to state 71


state 48

    (112) asignacion_int_lista -> LIST MENOR_QUE . INT_TYPE MAYOR_QUE IDENTIFICADOR IGUAL NEW LIST MENOR_QUE INT_TYPE MAYOR_QUE PAR_IZQ PAR_DER END_OF_LINE
    (115) asignacion_string_lista -> LIST MENOR_QUE . STRING_TYPE MAYOR_QUE IDENTIFICADOR IGUAL NEW LIST MENOR_QUE STRING_TYPE MAYOR_QUE PAR_IZQ PAR_DER END_OF_LINE

    INT_TYPE        shift and go to state 72
    STRING_TYPE     shift and go to state 73


state 49

    (45) asignacion_string -> STRING_TYPE IDENTIFICADOR . IGUAL STRING END_OF_LINE

    IGUAL           shift and go to state 74


state 50

    (21) asignacion_int_cola -> QUEUE MENOR_QUE . INT_TYPE MAYOR_QUE IDENTIFICADOR IGUAL NEW QUEUE MENOR_QUE INT_TYPE MAYOR_QUE PAR_IZQ PAR_DER END_OF_LINE
    (25) asignacion_string_cola -> QUEUE MENOR_QUE . STRING_TYPE MAYOR_QUE IDENTIFICADOR IGUAL NEW QUEUE MENOR_QUE STRING_TYPE MAYOR_QUE PAR_IZQ PAR_DER END_OF_LINE

    INT_TYPE        shift and go to state 75
    STRING_TYPE     shift and go to state 76


state 51

    (64) push_pop_stack -> asignacion_int_stack push_stack_int .
    (70) push_pop_stack -> asignacion_int_stack push_stack_int . pop_stack_int
    (92) pop_stack_int -> . INT_TYPE IDENTIFICADOR IGUAL IDENTIFICADOR PUNTO POP PAR_IZQ PAR_DER END_OF_LINE

    $end            reduce using rule 64 (push_pop_stack -> asignacion_int_stack push_stack_int .)
    INT_TYPE        shift and go to state 14

    pop_stack_int                  shift and go to state 77

state 52

    (72) push_pop_stack -> asignacion_int_stack pop_stack_int .

    $end            reduce using rule 72 (push_pop_stack -> asignacion_int_stack pop_stack_int .)


state 53

    (87) push_stack_int -> IDENTIFICADOR . PUNTO PUSH PAR_IZQ INT PAR_DER END_OF_LINE

    PUNTO           shift and go to state 78


state 54

    (67) push_pop_stack -> asignacion_float_stack push_stack_float .
    (71) push_pop_stack -> asignacion_float_stack push_stack_float . pop_stack_float
    (93) pop_stack_float -> . FLOAT_TYPE IDENTIFICADOR IGUAL IDENTIFICADOR PUNTO POP PAR_IZQ PAR_DER END_OF_LINE

    $end            reduce using rule 67 (push_pop_stack -> asignacion_float_stack push_stack_float .)
    FLOAT_TYPE      shift and go to state 57

    pop_stack_float                shift and go to state 79

state 55

    (73) push_pop_stack -> asignacion_float_stack pop_stack_float .

    $end            reduce using rule 73 (push_pop_stack -> asignacion_float_stack pop_stack_float .)


state 56

    (91) push_stack_float -> IDENTIFICADOR . PUNTO PUSH PAR_IZQ FLOAT PAR_DER END_OF_LINE

    PUNTO           shift and go to state 80


state 57

    (93) pop_stack_float -> FLOAT_TYPE . IDENTIFICADOR IGUAL IDENTIFICADOR PUNTO POP PAR_IZQ PAR_DER END_OF_LINE

    IDENTIFICADOR   shift and go to state 81


state 58

    (84) asignacion_int_stack -> STACK MENOR_QUE . INT_TYPE MAYOR_QUE IDENTIFICADOR IGUAL NEW STACK MENOR_QUE INT_TYPE MAYOR_QUE PAR_IZQ PAR_DER END_OF_LINE
    (88) asignacion_float_stack -> STACK MENOR_QUE . FLOAT_TYPE MAYOR_QUE IDENTIFICADOR IGUAL NEW STACK MENOR_QUE FLOAT_TYPE MAYOR_QUE PAR_IZQ PAR_DER END_OF_LINE

    INT_TYPE        shift and go to state 82
    FLOAT_TYPE      shift and go to state 83


state 59

    (113) add_lista_int -> IDENTIFICADOR PUNTO . ADD PAR_IZQ INT PAR_DER END_OF_LINE

    ADD             shift and go to state 84


state 60

    (117) add_lista_string -> IDENTIFICADOR PUNTO . ADD PAR_IZQ STRING PAR_DER END_OF_LINE

    ADD             shift and go to state 85


state 61

    (121) semantica_casting_float_to_int -> FLOAT_TYPE IDENTIFICADOR IGUAL . FLOAT END_OF_LINE INT_TYPE IDENTIFICADOR END_OF_LINE cast_float_to_int
    (93) pop_stack_float -> FLOAT_TYPE IDENTIFICADOR IGUAL . IDENTIFICADOR PUNTO POP PAR_IZQ PAR_DER END_OF_LINE

    FLOAT           shift and go to state 87
    IDENTIFICADOR   shift and go to state 86


state 62

    (123) cast_float_to_int -> IDENTIFICADOR IGUAL PAR_IZQ . INT_TYPE PAR_DER IDENTIFICADOR END_OF_LINE

    INT_TYPE        shift and go to state 88


state 63

    (113) add_lista_int -> IDENTIFICADOR PUNTO ADD . PAR_IZQ INT PAR_DER END_OF_LINE
    (117) add_lista_string -> IDENTIFICADOR PUNTO ADD . PAR_IZQ STRING PAR_DER END_OF_LINE

    PAR_IZQ         shift and go to state 89


state 64

    (24) encolar_int -> IDENTIFICADOR PUNTO ENQUEUE . PAR_IZQ INT PAR_DER END_OF_LINE
    (32) encolar_string -> IDENTIFICADOR PUNTO ENQUEUE . PAR_IZQ STRING PAR_DER END_OF_LINE

    PAR_IZQ         shift and go to state 90


state 65

    (44) str_to_upper_case -> IDENTIFICADOR PUNTO TO_UPPER . PAR_IZQ PAR_DER END_OF_LINE

    PAR_IZQ         shift and go to state 91


state 66

    (87) push_stack_int -> IDENTIFICADOR PUNTO PUSH . PAR_IZQ INT PAR_DER END_OF_LINE
    (91) push_stack_float -> IDENTIFICADOR PUNTO PUSH . PAR_IZQ FLOAT PAR_DER END_OF_LINE

    PAR_IZQ         shift and go to state 92


state 67

    (92) pop_stack_int -> INT_TYPE IDENTIFICADOR IGUAL . IDENTIFICADOR PUNTO POP PAR_IZQ PAR_DER END_OF_LINE

    IDENTIFICADOR   shift and go to state 93


state 68

    (24) encolar_int -> IDENTIFICADOR PUNTO . ENQUEUE PAR_IZQ INT PAR_DER END_OF_LINE

    ENQUEUE         shift and go to state 94


state 69

    (32) encolar_string -> IDENTIFICADOR PUNTO . ENQUEUE PAR_IZQ STRING PAR_DER END_OF_LINE

    ENQUEUE         shift and go to state 95


state 70

    (36) to_upper_case -> asignacion_string str_to_upper_case to_upper_case .

    $end            reduce using rule 36 (to_upper_case -> asignacion_string str_to_upper_case to_upper_case .)


state 71

    (44) str_to_upper_case -> IDENTIFICADOR PUNTO . TO_UPPER PAR_IZQ PAR_DER END_OF_LINE

    TO_UPPER        shift and go to state 65


state 72

    (112) asignacion_int_lista -> LIST MENOR_QUE INT_TYPE . MAYOR_QUE IDENTIFICADOR IGUAL NEW LIST MENOR_QUE INT_TYPE MAYOR_QUE PAR_IZQ PAR_DER END_OF_LINE

    MAYOR_QUE       shift and go to state 96


state 73

    (115) asignacion_string_lista -> LIST MENOR_QUE STRING_TYPE . MAYOR_QUE IDENTIFICADOR IGUAL NEW LIST MENOR_QUE STRING_TYPE MAYOR_QUE PAR_IZQ PAR_DER END_OF_LINE

    MAYOR_QUE       shift and go to state 97


state 74

    (45) asignacion_string -> STRING_TYPE IDENTIFICADOR IGUAL . STRING END_OF_LINE

    STRING          shift and go to state 98


state 75

    (21) asignacion_int_cola -> QUEUE MENOR_QUE INT_TYPE . MAYOR_QUE IDENTIFICADOR IGUAL NEW QUEUE MENOR_QUE INT_TYPE MAYOR_QUE PAR_IZQ PAR_DER END_OF_LINE

    MAYOR_QUE       shift and go to state 99


state 76

    (25) asignacion_string_cola -> QUEUE MENOR_QUE STRING_TYPE . MAYOR_QUE IDENTIFICADOR IGUAL NEW QUEUE MENOR_QUE STRING_TYPE MAYOR_QUE PAR_IZQ PAR_DER END_OF_LINE

    MAYOR_QUE       shift and go to state 100


state 77

    (70) push_pop_stack -> asignacion_int_stack push_stack_int pop_stack_int .

    $end            reduce using rule 70 (push_pop_stack -> asignacion_int_stack push_stack_int pop_stack_int .)


state 78

    (87) push_stack_int -> IDENTIFICADOR PUNTO . PUSH PAR_IZQ INT PAR_DER END_OF_LINE

    PUSH            shift and go to state 101


state 79

    (71) push_pop_stack -> asignacion_float_stack push_stack_float pop_stack_float .

    $end            reduce using rule 71 (push_pop_stack -> asignacion_float_stack push_stack_float pop_stack_float .)


state 80

    (91) push_stack_float -> IDENTIFICADOR PUNTO . PUSH PAR_IZQ FLOAT PAR_DER END_OF_LINE

    PUSH            shift and go to state 102


state 81

    (93) pop_stack_float -> FLOAT_TYPE IDENTIFICADOR . IGUAL IDENTIFICADOR PUNTO POP PAR_IZQ PAR_DER END_OF_LINE

    IGUAL           shift and go to state 103


state 82

    (84) asignacion_int_stack -> STACK MENOR_QUE INT_TYPE . MAYOR_QUE IDENTIFICADOR IGUAL NEW STACK MENOR_QUE INT_TYPE MAYOR_QUE PAR_IZQ PAR_DER END_OF_LINE

    MAYOR_QUE       shift and go to state 104


state 83

    (88) asignacion_float_stack -> STACK MENOR_QUE FLOAT_TYPE . MAYOR_QUE IDENTIFICADOR IGUAL NEW STACK MENOR_QUE FLOAT_TYPE MAYOR_QUE PAR_IZQ PAR_DER END_OF_LINE

    MAYOR_QUE       shift and go to state 105


state 84

    (113) add_lista_int -> IDENTIFICADOR PUNTO ADD . PAR_IZQ INT PAR_DER END_OF_LINE

    PAR_IZQ         shift and go to state 106


state 85

    (117) add_lista_string -> IDENTIFICADOR PUNTO ADD . PAR_IZQ STRING PAR_DER END_OF_LINE

    PAR_IZQ         shift and go to state 107


state 86

    (93) pop_stack_float -> FLOAT_TYPE IDENTIFICADOR IGUAL IDENTIFICADOR . PUNTO POP PAR_IZQ PAR_DER END_OF_LINE

    PUNTO           shift and go to state 108


state 87

    (121) semantica_casting_float_to_int -> FLOAT_TYPE IDENTIFICADOR IGUAL FLOAT . END_OF_LINE INT_TYPE IDENTIFICADOR END_OF_LINE cast_float_to_int

    END_OF_LINE     shift and go to state 109


state 88

    (123) cast_float_to_int -> IDENTIFICADOR IGUAL PAR_IZQ INT_TYPE . PAR_DER IDENTIFICADOR END_OF_LINE

    PAR_DER         shift and go to state 110


state 89

    (113) add_lista_int -> IDENTIFICADOR PUNTO ADD PAR_IZQ . INT PAR_DER END_OF_LINE
    (117) add_lista_string -> IDENTIFICADOR PUNTO ADD PAR_IZQ . STRING PAR_DER END_OF_LINE

    INT             shift and go to state 111
    STRING          shift and go to state 112


state 90

    (24) encolar_int -> IDENTIFICADOR PUNTO ENQUEUE PAR_IZQ . INT PAR_DER END_OF_LINE
    (32) encolar_string -> IDENTIFICADOR PUNTO ENQUEUE PAR_IZQ . STRING PAR_DER END_OF_LINE

    INT             shift and go to state 113
    STRING          shift and go to state 114


state 91

    (44) str_to_upper_case -> IDENTIFICADOR PUNTO TO_UPPER PAR_IZQ . PAR_DER END_OF_LINE

    PAR_DER         shift and go to state 115


state 92

    (87) push_stack_int -> IDENTIFICADOR PUNTO PUSH PAR_IZQ . INT PAR_DER END_OF_LINE
    (91) push_stack_float -> IDENTIFICADOR PUNTO PUSH PAR_IZQ . FLOAT PAR_DER END_OF_LINE

    INT             shift and go to state 116
    FLOAT           shift and go to state 117


state 93

    (92) pop_stack_int -> INT_TYPE IDENTIFICADOR IGUAL IDENTIFICADOR . PUNTO POP PAR_IZQ PAR_DER END_OF_LINE

    PUNTO           shift and go to state 118


state 94

    (24) encolar_int -> IDENTIFICADOR PUNTO ENQUEUE . PAR_IZQ INT PAR_DER END_OF_LINE

    PAR_IZQ         shift and go to state 119


state 95

    (32) encolar_string -> IDENTIFICADOR PUNTO ENQUEUE . PAR_IZQ STRING PAR_DER END_OF_LINE

    PAR_IZQ         shift and go to state 120


state 96

    (112) asignacion_int_lista -> LIST MENOR_QUE INT_TYPE MAYOR_QUE . IDENTIFICADOR IGUAL NEW LIST MENOR_QUE INT_TYPE MAYOR_QUE PAR_IZQ PAR_DER END_OF_LINE

    IDENTIFICADOR   shift and go to state 121


state 97

    (115) asignacion_string_lista -> LIST MENOR_QUE STRING_TYPE MAYOR_QUE . IDENTIFICADOR IGUAL NEW LIST MENOR_QUE STRING_TYPE MAYOR_QUE PAR_IZQ PAR_DER END_OF_LINE

    IDENTIFICADOR   shift and go to state 122


state 98

    (45) asignacion_string -> STRING_TYPE IDENTIFICADOR IGUAL STRING . END_OF_LINE

    END_OF_LINE     shift and go to state 123


state 99

    (21) asignacion_int_cola -> QUEUE MENOR_QUE INT_TYPE MAYOR_QUE . IDENTIFICADOR IGUAL NEW QUEUE MENOR_QUE INT_TYPE MAYOR_QUE PAR_IZQ PAR_DER END_OF_LINE

    IDENTIFICADOR   shift and go to state 124


state 100

    (25) asignacion_string_cola -> QUEUE MENOR_QUE STRING_TYPE MAYOR_QUE . IDENTIFICADOR IGUAL NEW QUEUE MENOR_QUE STRING_TYPE MAYOR_QUE PAR_IZQ PAR_DER END_OF_LINE

    IDENTIFICADOR   shift and go to state 125


state 101

    (87) push_stack_int -> IDENTIFICADOR PUNTO PUSH . PAR_IZQ INT PAR_DER END_OF_LINE

    PAR_IZQ         shift and go to state 126


state 102

    (91) push_stack_float -> IDENTIFICADOR PUNTO PUSH . PAR_IZQ FLOAT PAR_DER END_OF_LINE

    PAR_IZQ         shift and go to state 127


state 103

    (93) pop_stack_float -> FLOAT_TYPE IDENTIFICADOR IGUAL . IDENTIFICADOR PUNTO POP PAR_IZQ PAR_DER END_OF_LINE

    IDENTIFICADOR   shift and go to state 86


state 104

    (84) asignacion_int_stack -> STACK MENOR_QUE INT_TYPE MAYOR_QUE . IDENTIFICADOR IGUAL NEW STACK MENOR_QUE INT_TYPE MAYOR_QUE PAR_IZQ PAR_DER END_OF_LINE

    IDENTIFICADOR   shift and go to state 128


state 105

    (88) asignacion_float_stack -> STACK MENOR_QUE FLOAT_TYPE MAYOR_QUE . IDENTIFICADOR IGUAL NEW STACK MENOR_QUE FLOAT_TYPE MAYOR_QUE PAR_IZQ PAR_DER END_OF_LINE

    IDENTIFICADOR   shift and go to state 129


state 106

    (113) add_lista_int -> IDENTIFICADOR PUNTO ADD PAR_IZQ . INT PAR_DER END_OF_LINE

    INT             shift and go to state 111


state 107

    (117) add_lista_string -> IDENTIFICADOR PUNTO ADD PAR_IZQ . STRING PAR_DER END_OF_LINE

    STRING          shift and go to state 112


state 108

    (93) pop_stack_float -> FLOAT_TYPE IDENTIFICADOR IGUAL IDENTIFICADOR PUNTO . POP PAR_IZQ PAR_DER END_OF_LINE

    POP             shift and go to state 130


state 109

    (121) semantica_casting_float_to_int -> FLOAT_TYPE IDENTIFICADOR IGUAL FLOAT END_OF_LINE . INT_TYPE IDENTIFICADOR END_OF_LINE cast_float_to_int

    INT_TYPE        shift and go to state 131


state 110

    (123) cast_float_to_int -> IDENTIFICADOR IGUAL PAR_IZQ INT_TYPE PAR_DER . IDENTIFICADOR END_OF_LINE

    IDENTIFICADOR   shift and go to state 132


state 111

    (113) add_lista_int -> IDENTIFICADOR PUNTO ADD PAR_IZQ INT . PAR_DER END_OF_LINE

    PAR_DER         shift and go to state 133


state 112

    (117) add_lista_string -> IDENTIFICADOR PUNTO ADD PAR_IZQ STRING . PAR_DER END_OF_LINE

    PAR_DER         shift and go to state 134


state 113

    (24) encolar_int -> IDENTIFICADOR PUNTO ENQUEUE PAR_IZQ INT . PAR_DER END_OF_LINE

    PAR_DER         shift and go to state 135


state 114

    (32) encolar_string -> IDENTIFICADOR PUNTO ENQUEUE PAR_IZQ STRING . PAR_DER END_OF_LINE

    PAR_DER         shift and go to state 136


state 115

    (44) str_to_upper_case -> IDENTIFICADOR PUNTO TO_UPPER PAR_IZQ PAR_DER . END_OF_LINE

    END_OF_LINE     shift and go to state 137


state 116

    (87) push_stack_int -> IDENTIFICADOR PUNTO PUSH PAR_IZQ INT . PAR_DER END_OF_LINE

    PAR_DER         shift and go to state 138


state 117

    (91) push_stack_float -> IDENTIFICADOR PUNTO PUSH PAR_IZQ FLOAT . PAR_DER END_OF_LINE

    PAR_DER         shift and go to state 139


state 118

    (92) pop_stack_int -> INT_TYPE IDENTIFICADOR IGUAL IDENTIFICADOR PUNTO . POP PAR_IZQ PAR_DER END_OF_LINE

    POP             shift and go to state 140


state 119

    (24) encolar_int -> IDENTIFICADOR PUNTO ENQUEUE PAR_IZQ . INT PAR_DER END_OF_LINE

    INT             shift and go to state 113


state 120

    (32) encolar_string -> IDENTIFICADOR PUNTO ENQUEUE PAR_IZQ . STRING PAR_DER END_OF_LINE

    STRING          shift and go to state 114


state 121

    (112) asignacion_int_lista -> LIST MENOR_QUE INT_TYPE MAYOR_QUE IDENTIFICADOR . IGUAL NEW LIST MENOR_QUE INT_TYPE MAYOR_QUE PAR_IZQ PAR_DER END_OF_LINE

    IGUAL           shift and go to state 141


state 122

    (115) asignacion_string_lista -> LIST MENOR_QUE STRING_TYPE MAYOR_QUE IDENTIFICADOR . IGUAL NEW LIST MENOR_QUE STRING_TYPE MAYOR_QUE PAR_IZQ PAR_DER END_OF_LINE

    IGUAL           shift and go to state 142


state 123

    (45) asignacion_string -> STRING_TYPE IDENTIFICADOR IGUAL STRING END_OF_LINE .

    IDENTIFICADOR   reduce using rule 45 (asignacion_string -> STRING_TYPE IDENTIFICADOR IGUAL STRING END_OF_LINE .)
    $end            reduce using rule 45 (asignacion_string -> STRING_TYPE IDENTIFICADOR IGUAL STRING END_OF_LINE .)


state 124

    (21) asignacion_int_cola -> QUEUE MENOR_QUE INT_TYPE MAYOR_QUE IDENTIFICADOR . IGUAL NEW QUEUE MENOR_QUE INT_TYPE MAYOR_QUE PAR_IZQ PAR_DER END_OF_LINE

    IGUAL           shift and go to state 143


state 125

    (25) asignacion_string_cola -> QUEUE MENOR_QUE STRING_TYPE MAYOR_QUE IDENTIFICADOR . IGUAL NEW QUEUE MENOR_QUE STRING_TYPE MAYOR_QUE PAR_IZQ PAR_DER END_OF_LINE

    IGUAL           shift and go to state 144


state 126

    (87) push_stack_int -> IDENTIFICADOR PUNTO PUSH PAR_IZQ . INT PAR_DER END_OF_LINE

    INT             shift and go to state 116


state 127

    (91) push_stack_float -> IDENTIFICADOR PUNTO PUSH PAR_IZQ . FLOAT PAR_DER END_OF_LINE

    FLOAT           shift and go to state 117


state 128

    (84) asignacion_int_stack -> STACK MENOR_QUE INT_TYPE MAYOR_QUE IDENTIFICADOR . IGUAL NEW STACK MENOR_QUE INT_TYPE MAYOR_QUE PAR_IZQ PAR_DER END_OF_LINE

    IGUAL           shift and go to state 145


state 129

    (88) asignacion_float_stack -> STACK MENOR_QUE FLOAT_TYPE MAYOR_QUE IDENTIFICADOR . IGUAL NEW STACK MENOR_QUE FLOAT_TYPE MAYOR_QUE PAR_IZQ PAR_DER END_OF_LINE

    IGUAL           shift and go to state 146


state 130

    (93) pop_stack_float -> FLOAT_TYPE IDENTIFICADOR IGUAL IDENTIFICADOR PUNTO POP . PAR_IZQ PAR_DER END_OF_LINE

    PAR_IZQ         shift and go to state 147


state 131

    (121) semantica_casting_float_to_int -> FLOAT_TYPE IDENTIFICADOR IGUAL FLOAT END_OF_LINE INT_TYPE . IDENTIFICADOR END_OF_LINE cast_float_to_int

    IDENTIFICADOR   shift and go to state 148


state 132

    (123) cast_float_to_int -> IDENTIFICADOR IGUAL PAR_IZQ INT_TYPE PAR_DER IDENTIFICADOR . END_OF_LINE

    END_OF_LINE     shift and go to state 149


state 133

    (113) add_lista_int -> IDENTIFICADOR PUNTO ADD PAR_IZQ INT PAR_DER . END_OF_LINE

    END_OF_LINE     shift and go to state 150


state 134

    (117) add_lista_string -> IDENTIFICADOR PUNTO ADD PAR_IZQ STRING PAR_DER . END_OF_LINE

    END_OF_LINE     shift and go to state 151


state 135

    (24) encolar_int -> IDENTIFICADOR PUNTO ENQUEUE PAR_IZQ INT PAR_DER . END_OF_LINE

    END_OF_LINE     shift and go to state 152


state 136

    (32) encolar_string -> IDENTIFICADOR PUNTO ENQUEUE PAR_IZQ STRING PAR_DER . END_OF_LINE

    END_OF_LINE     shift and go to state 153


state 137

    (44) str_to_upper_case -> IDENTIFICADOR PUNTO TO_UPPER PAR_IZQ PAR_DER END_OF_LINE .

    $end            reduce using rule 44 (str_to_upper_case -> IDENTIFICADOR PUNTO TO_UPPER PAR_IZQ PAR_DER END_OF_LINE .)
    STRING_TYPE     reduce using rule 44 (str_to_upper_case -> IDENTIFICADOR PUNTO TO_UPPER PAR_IZQ PAR_DER END_OF_LINE .)
    IDENTIFICADOR   reduce using rule 44 (str_to_upper_case -> IDENTIFICADOR PUNTO TO_UPPER PAR_IZQ PAR_DER END_OF_LINE .)


state 138

    (87) push_stack_int -> IDENTIFICADOR PUNTO PUSH PAR_IZQ INT PAR_DER . END_OF_LINE

    END_OF_LINE     shift and go to state 154


state 139

    (91) push_stack_float -> IDENTIFICADOR PUNTO PUSH PAR_IZQ FLOAT PAR_DER . END_OF_LINE

    END_OF_LINE     shift and go to state 155


state 140

    (92) pop_stack_int -> INT_TYPE IDENTIFICADOR IGUAL IDENTIFICADOR PUNTO POP . PAR_IZQ PAR_DER END_OF_LINE

    PAR_IZQ         shift and go to state 156


state 141

    (112) asignacion_int_lista -> LIST MENOR_QUE INT_TYPE MAYOR_QUE IDENTIFICADOR IGUAL . NEW LIST MENOR_QUE INT_TYPE MAYOR_QUE PAR_IZQ PAR_DER END_OF_LINE

    NEW             shift and go to state 157


state 142

    (115) asignacion_string_lista -> LIST MENOR_QUE STRING_TYPE MAYOR_QUE IDENTIFICADOR IGUAL . NEW LIST MENOR_QUE STRING_TYPE MAYOR_QUE PAR_IZQ PAR_DER END_OF_LINE

    NEW             shift and go to state 158


state 143

    (21) asignacion_int_cola -> QUEUE MENOR_QUE INT_TYPE MAYOR_QUE IDENTIFICADOR IGUAL . NEW QUEUE MENOR_QUE INT_TYPE MAYOR_QUE PAR_IZQ PAR_DER END_OF_LINE

    NEW             shift and go to state 159


state 144

    (25) asignacion_string_cola -> QUEUE MENOR_QUE STRING_TYPE MAYOR_QUE IDENTIFICADOR IGUAL . NEW QUEUE MENOR_QUE STRING_TYPE MAYOR_QUE PAR_IZQ PAR_DER END_OF_LINE

    NEW             shift and go to state 160


state 145

    (84) asignacion_int_stack -> STACK MENOR_QUE INT_TYPE MAYOR_QUE IDENTIFICADOR IGUAL . NEW STACK MENOR_QUE INT_TYPE MAYOR_QUE PAR_IZQ PAR_DER END_OF_LINE

    NEW             shift and go to state 161


state 146

    (88) asignacion_float_stack -> STACK MENOR_QUE FLOAT_TYPE MAYOR_QUE IDENTIFICADOR IGUAL . NEW STACK MENOR_QUE FLOAT_TYPE MAYOR_QUE PAR_IZQ PAR_DER END_OF_LINE

    NEW             shift and go to state 162


state 147

    (93) pop_stack_float -> FLOAT_TYPE IDENTIFICADOR IGUAL IDENTIFICADOR PUNTO POP PAR_IZQ . PAR_DER END_OF_LINE

    PAR_DER         shift and go to state 163


state 148

    (121) semantica_casting_float_to_int -> FLOAT_TYPE IDENTIFICADOR IGUAL FLOAT END_OF_LINE INT_TYPE IDENTIFICADOR . END_OF_LINE cast_float_to_int

    END_OF_LINE     shift and go to state 164


state 149

    (123) cast_float_to_int -> IDENTIFICADOR IGUAL PAR_IZQ INT_TYPE PAR_DER IDENTIFICADOR END_OF_LINE .

    END_OF_LINE     reduce using rule 123 (cast_float_to_int -> IDENTIFICADOR IGUAL PAR_IZQ INT_TYPE PAR_DER IDENTIFICADOR END_OF_LINE .)
    $end            reduce using rule 123 (cast_float_to_int -> IDENTIFICADOR IGUAL PAR_IZQ INT_TYPE PAR_DER IDENTIFICADOR END_OF_LINE .)


state 150

    (113) add_lista_int -> IDENTIFICADOR PUNTO ADD PAR_IZQ INT PAR_DER END_OF_LINE .

    $end            reduce using rule 113 (add_lista_int -> IDENTIFICADOR PUNTO ADD PAR_IZQ INT PAR_DER END_OF_LINE .)


state 151

    (117) add_lista_string -> IDENTIFICADOR PUNTO ADD PAR_IZQ STRING PAR_DER END_OF_LINE .

    $end            reduce using rule 117 (add_lista_string -> IDENTIFICADOR PUNTO ADD PAR_IZQ STRING PAR_DER END_OF_LINE .)


state 152

    (24) encolar_int -> IDENTIFICADOR PUNTO ENQUEUE PAR_IZQ INT PAR_DER END_OF_LINE .

    $end            reduce using rule 24 (encolar_int -> IDENTIFICADOR PUNTO ENQUEUE PAR_IZQ INT PAR_DER END_OF_LINE .)


state 153

    (32) encolar_string -> IDENTIFICADOR PUNTO ENQUEUE PAR_IZQ STRING PAR_DER END_OF_LINE .

    $end            reduce using rule 32 (encolar_string -> IDENTIFICADOR PUNTO ENQUEUE PAR_IZQ STRING PAR_DER END_OF_LINE .)


state 154

    (87) push_stack_int -> IDENTIFICADOR PUNTO PUSH PAR_IZQ INT PAR_DER END_OF_LINE .

    $end            reduce using rule 87 (push_stack_int -> IDENTIFICADOR PUNTO PUSH PAR_IZQ INT PAR_DER END_OF_LINE .)
    INT_TYPE        reduce using rule 87 (push_stack_int -> IDENTIFICADOR PUNTO PUSH PAR_IZQ INT PAR_DER END_OF_LINE .)


state 155

    (91) push_stack_float -> IDENTIFICADOR PUNTO PUSH PAR_IZQ FLOAT PAR_DER END_OF_LINE .

    $end            reduce using rule 91 (push_stack_float -> IDENTIFICADOR PUNTO PUSH PAR_IZQ FLOAT PAR_DER END_OF_LINE .)
    FLOAT_TYPE      reduce using rule 91 (push_stack_float -> IDENTIFICADOR PUNTO PUSH PAR_IZQ FLOAT PAR_DER END_OF_LINE .)


state 156

    (92) pop_stack_int -> INT_TYPE IDENTIFICADOR IGUAL IDENTIFICADOR PUNTO POP PAR_IZQ . PAR_DER END_OF_LINE

    PAR_DER         shift and go to state 165


state 157

    (112) asignacion_int_lista -> LIST MENOR_QUE INT_TYPE MAYOR_QUE IDENTIFICADOR IGUAL NEW . LIST MENOR_QUE INT_TYPE MAYOR_QUE PAR_IZQ PAR_DER END_OF_LINE

    LIST            shift and go to state 166


state 158

    (115) asignacion_string_lista -> LIST MENOR_QUE STRING_TYPE MAYOR_QUE IDENTIFICADOR IGUAL NEW . LIST MENOR_QUE STRING_TYPE MAYOR_QUE PAR_IZQ PAR_DER END_OF_LINE

    LIST            shift and go to state 167


state 159

    (21) asignacion_int_cola -> QUEUE MENOR_QUE INT_TYPE MAYOR_QUE IDENTIFICADOR IGUAL NEW . QUEUE MENOR_QUE INT_TYPE MAYOR_QUE PAR_IZQ PAR_DER END_OF_LINE

    QUEUE           shift and go to state 168


state 160

    (25) asignacion_string_cola -> QUEUE MENOR_QUE STRING_TYPE MAYOR_QUE IDENTIFICADOR IGUAL NEW . QUEUE MENOR_QUE STRING_TYPE MAYOR_QUE PAR_IZQ PAR_DER END_OF_LINE

    QUEUE           shift and go to state 169


state 161

    (84) asignacion_int_stack -> STACK MENOR_QUE INT_TYPE MAYOR_QUE IDENTIFICADOR IGUAL NEW . STACK MENOR_QUE INT_TYPE MAYOR_QUE PAR_IZQ PAR_DER END_OF_LINE

    STACK           shift and go to state 170


state 162

    (88) asignacion_float_stack -> STACK MENOR_QUE FLOAT_TYPE MAYOR_QUE IDENTIFICADOR IGUAL NEW . STACK MENOR_QUE FLOAT_TYPE MAYOR_QUE PAR_IZQ PAR_DER END_OF_LINE

    STACK           shift and go to state 171


state 163

    (93) pop_stack_float -> FLOAT_TYPE IDENTIFICADOR IGUAL IDENTIFICADOR PUNTO POP PAR_IZQ PAR_DER . END_OF_LINE

    END_OF_LINE     shift and go to state 172


state 164

    (121) semantica_casting_float_to_int -> FLOAT_TYPE IDENTIFICADOR IGUAL FLOAT END_OF_LINE INT_TYPE IDENTIFICADOR END_OF_LINE . cast_float_to_int
    (123) cast_float_to_int -> . IDENTIFICADOR IGUAL PAR_IZQ INT_TYPE PAR_DER IDENTIFICADOR END_OF_LINE

    IDENTIFICADOR   shift and go to state 173

    cast_float_to_int              shift and go to state 174

state 165

    (92) pop_stack_int -> INT_TYPE IDENTIFICADOR IGUAL IDENTIFICADOR PUNTO POP PAR_IZQ PAR_DER . END_OF_LINE

    END_OF_LINE     shift and go to state 175


state 166

    (112) asignacion_int_lista -> LIST MENOR_QUE INT_TYPE MAYOR_QUE IDENTIFICADOR IGUAL NEW LIST . MENOR_QUE INT_TYPE MAYOR_QUE PAR_IZQ PAR_DER END_OF_LINE

    MENOR_QUE       shift and go to state 176


state 167

    (115) asignacion_string_lista -> LIST MENOR_QUE STRING_TYPE MAYOR_QUE IDENTIFICADOR IGUAL NEW LIST . MENOR_QUE STRING_TYPE MAYOR_QUE PAR_IZQ PAR_DER END_OF_LINE

    MENOR_QUE       shift and go to state 177


state 168

    (21) asignacion_int_cola -> QUEUE MENOR_QUE INT_TYPE MAYOR_QUE IDENTIFICADOR IGUAL NEW QUEUE . MENOR_QUE INT_TYPE MAYOR_QUE PAR_IZQ PAR_DER END_OF_LINE

    MENOR_QUE       shift and go to state 178


state 169

    (25) asignacion_string_cola -> QUEUE MENOR_QUE STRING_TYPE MAYOR_QUE IDENTIFICADOR IGUAL NEW QUEUE . MENOR_QUE STRING_TYPE MAYOR_QUE PAR_IZQ PAR_DER END_OF_LINE

    MENOR_QUE       shift and go to state 179


state 170

    (84) asignacion_int_stack -> STACK MENOR_QUE INT_TYPE MAYOR_QUE IDENTIFICADOR IGUAL NEW STACK . MENOR_QUE INT_TYPE MAYOR_QUE PAR_IZQ PAR_DER END_OF_LINE

    MENOR_QUE       shift and go to state 180


state 171

    (88) asignacion_float_stack -> STACK MENOR_QUE FLOAT_TYPE MAYOR_QUE IDENTIFICADOR IGUAL NEW STACK . MENOR_QUE FLOAT_TYPE MAYOR_QUE PAR_IZQ PAR_DER END_OF_LINE

    MENOR_QUE       shift and go to state 181


state 172

    (93) pop_stack_float -> FLOAT_TYPE IDENTIFICADOR IGUAL IDENTIFICADOR PUNTO POP PAR_IZQ PAR_DER END_OF_LINE .

    $end            reduce using rule 93 (pop_stack_float -> FLOAT_TYPE IDENTIFICADOR IGUAL IDENTIFICADOR PUNTO POP PAR_IZQ PAR_DER END_OF_LINE .)


state 173

    (123) cast_float_to_int -> IDENTIFICADOR . IGUAL PAR_IZQ INT_TYPE PAR_DER IDENTIFICADOR END_OF_LINE

    IGUAL           shift and go to state 39


state 174

    (121) semantica_casting_float_to_int -> FLOAT_TYPE IDENTIFICADOR IGUAL FLOAT END_OF_LINE INT_TYPE IDENTIFICADOR END_OF_LINE cast_float_to_int .

    $end            reduce using rule 121 (semantica_casting_float_to_int -> FLOAT_TYPE IDENTIFICADOR IGUAL FLOAT END_OF_LINE INT_TYPE IDENTIFICADOR END_OF_LINE cast_float_to_int .)


state 175

    (92) pop_stack_int -> INT_TYPE IDENTIFICADOR IGUAL IDENTIFICADOR PUNTO POP PAR_IZQ PAR_DER END_OF_LINE .

    $end            reduce using rule 92 (pop_stack_int -> INT_TYPE IDENTIFICADOR IGUAL IDENTIFICADOR PUNTO POP PAR_IZQ PAR_DER END_OF_LINE .)


state 176

    (112) asignacion_int_lista -> LIST MENOR_QUE INT_TYPE MAYOR_QUE IDENTIFICADOR IGUAL NEW LIST MENOR_QUE . INT_TYPE MAYOR_QUE PAR_IZQ PAR_DER END_OF_LINE

    INT_TYPE        shift and go to state 182


state 177

    (115) asignacion_string_lista -> LIST MENOR_QUE STRING_TYPE MAYOR_QUE IDENTIFICADOR IGUAL NEW LIST MENOR_QUE . STRING_TYPE MAYOR_QUE PAR_IZQ PAR_DER END_OF_LINE

    STRING_TYPE     shift and go to state 183


state 178

    (21) asignacion_int_cola -> QUEUE MENOR_QUE INT_TYPE MAYOR_QUE IDENTIFICADOR IGUAL NEW QUEUE MENOR_QUE . INT_TYPE MAYOR_QUE PAR_IZQ PAR_DER END_OF_LINE

    INT_TYPE        shift and go to state 184


state 179

    (25) asignacion_string_cola -> QUEUE MENOR_QUE STRING_TYPE MAYOR_QUE IDENTIFICADOR IGUAL NEW QUEUE MENOR_QUE . STRING_TYPE MAYOR_QUE PAR_IZQ PAR_DER END_OF_LINE

    STRING_TYPE     shift and go to state 185


state 180

    (84) asignacion_int_stack -> STACK MENOR_QUE INT_TYPE MAYOR_QUE IDENTIFICADOR IGUAL NEW STACK MENOR_QUE . INT_TYPE MAYOR_QUE PAR_IZQ PAR_DER END_OF_LINE

    INT_TYPE        shift and go to state 186


state 181

    (88) asignacion_float_stack -> STACK MENOR_QUE FLOAT_TYPE MAYOR_QUE IDENTIFICADOR IGUAL NEW STACK MENOR_QUE . FLOAT_TYPE MAYOR_QUE PAR_IZQ PAR_DER END_OF_LINE

    FLOAT_TYPE      shift and go to state 187


state 182

    (112) asignacion_int_lista -> LIST MENOR_QUE INT_TYPE MAYOR_QUE IDENTIFICADOR IGUAL NEW LIST MENOR_QUE INT_TYPE . MAYOR_QUE PAR_IZQ PAR_DER END_OF_LINE

    MAYOR_QUE       shift and go to state 188


state 183

    (115) asignacion_string_lista -> LIST MENOR_QUE STRING_TYPE MAYOR_QUE IDENTIFICADOR IGUAL NEW LIST MENOR_QUE STRING_TYPE . MAYOR_QUE PAR_IZQ PAR_DER END_OF_LINE

    MAYOR_QUE       shift and go to state 189


state 184

    (21) asignacion_int_cola -> QUEUE MENOR_QUE INT_TYPE MAYOR_QUE IDENTIFICADOR IGUAL NEW QUEUE MENOR_QUE INT_TYPE . MAYOR_QUE PAR_IZQ PAR_DER END_OF_LINE

    MAYOR_QUE       shift and go to state 190


state 185

    (25) asignacion_string_cola -> QUEUE MENOR_QUE STRING_TYPE MAYOR_QUE IDENTIFICADOR IGUAL NEW QUEUE MENOR_QUE STRING_TYPE . MAYOR_QUE PAR_IZQ PAR_DER END_OF_LINE

    MAYOR_QUE       shift and go to state 191


state 186

    (84) asignacion_int_stack -> STACK MENOR_QUE INT_TYPE MAYOR_QUE IDENTIFICADOR IGUAL NEW STACK MENOR_QUE INT_TYPE . MAYOR_QUE PAR_IZQ PAR_DER END_OF_LINE

    MAYOR_QUE       shift and go to state 192


state 187

    (88) asignacion_float_stack -> STACK MENOR_QUE FLOAT_TYPE MAYOR_QUE IDENTIFICADOR IGUAL NEW STACK MENOR_QUE FLOAT_TYPE . MAYOR_QUE PAR_IZQ PAR_DER END_OF_LINE

    MAYOR_QUE       shift and go to state 193


state 188

    (112) asignacion_int_lista -> LIST MENOR_QUE INT_TYPE MAYOR_QUE IDENTIFICADOR IGUAL NEW LIST MENOR_QUE INT_TYPE MAYOR_QUE . PAR_IZQ PAR_DER END_OF_LINE

    PAR_IZQ         shift and go to state 194


state 189

    (115) asignacion_string_lista -> LIST MENOR_QUE STRING_TYPE MAYOR_QUE IDENTIFICADOR IGUAL NEW LIST MENOR_QUE STRING_TYPE MAYOR_QUE . PAR_IZQ PAR_DER END_OF_LINE

    PAR_IZQ         shift and go to state 195


state 190

    (21) asignacion_int_cola -> QUEUE MENOR_QUE INT_TYPE MAYOR_QUE IDENTIFICADOR IGUAL NEW QUEUE MENOR_QUE INT_TYPE MAYOR_QUE . PAR_IZQ PAR_DER END_OF_LINE

    PAR_IZQ         shift and go to state 196


state 191

    (25) asignacion_string_cola -> QUEUE MENOR_QUE STRING_TYPE MAYOR_QUE IDENTIFICADOR IGUAL NEW QUEUE MENOR_QUE STRING_TYPE MAYOR_QUE . PAR_IZQ PAR_DER END_OF_LINE

    PAR_IZQ         shift and go to state 197


state 192

    (84) asignacion_int_stack -> STACK MENOR_QUE INT_TYPE MAYOR_QUE IDENTIFICADOR IGUAL NEW STACK MENOR_QUE INT_TYPE MAYOR_QUE . PAR_IZQ PAR_DER END_OF_LINE

    PAR_IZQ         shift and go to state 198


state 193

    (88) asignacion_float_stack -> STACK MENOR_QUE FLOAT_TYPE MAYOR_QUE IDENTIFICADOR IGUAL NEW STACK MENOR_QUE FLOAT_TYPE MAYOR_QUE . PAR_IZQ PAR_DER END_OF_LINE

    PAR_IZQ         shift and go to state 199


state 194

    (112) asignacion_int_lista -> LIST MENOR_QUE INT_TYPE MAYOR_QUE IDENTIFICADOR IGUAL NEW LIST MENOR_QUE INT_TYPE MAYOR_QUE PAR_IZQ . PAR_DER END_OF_LINE

    PAR_DER         shift and go to state 200


state 195

    (115) asignacion_string_lista -> LIST MENOR_QUE STRING_TYPE MAYOR_QUE IDENTIFICADOR IGUAL NEW LIST MENOR_QUE STRING_TYPE MAYOR_QUE PAR_IZQ . PAR_DER END_OF_LINE

    PAR_DER         shift and go to state 201


state 196

    (21) asignacion_int_cola -> QUEUE MENOR_QUE INT_TYPE MAYOR_QUE IDENTIFICADOR IGUAL NEW QUEUE MENOR_QUE INT_TYPE MAYOR_QUE PAR_IZQ . PAR_DER END_OF_LINE

    PAR_DER         shift and go to state 202


state 197

    (25) asignacion_string_cola -> QUEUE MENOR_QUE STRING_TYPE MAYOR_QUE IDENTIFICADOR IGUAL NEW QUEUE MENOR_QUE STRING_TYPE MAYOR_QUE PAR_IZQ . PAR_DER END_OF_LINE

    PAR_DER         shift and go to state 203


state 198

    (84) asignacion_int_stack -> STACK MENOR_QUE INT_TYPE MAYOR_QUE IDENTIFICADOR IGUAL NEW STACK MENOR_QUE INT_TYPE MAYOR_QUE PAR_IZQ . PAR_DER END_OF_LINE

    PAR_DER         shift and go to state 204


state 199

    (88) asignacion_float_stack -> STACK MENOR_QUE FLOAT_TYPE MAYOR_QUE IDENTIFICADOR IGUAL NEW STACK MENOR_QUE FLOAT_TYPE MAYOR_QUE PAR_IZQ . PAR_DER END_OF_LINE

    PAR_DER         shift and go to state 205


state 200

    (112) asignacion_int_lista -> LIST MENOR_QUE INT_TYPE MAYOR_QUE IDENTIFICADOR IGUAL NEW LIST MENOR_QUE INT_TYPE MAYOR_QUE PAR_IZQ PAR_DER . END_OF_LINE

    END_OF_LINE     shift and go to state 206


state 201

    (115) asignacion_string_lista -> LIST MENOR_QUE STRING_TYPE MAYOR_QUE IDENTIFICADOR IGUAL NEW LIST MENOR_QUE STRING_TYPE MAYOR_QUE PAR_IZQ PAR_DER . END_OF_LINE

    END_OF_LINE     shift and go to state 207


state 202

    (21) asignacion_int_cola -> QUEUE MENOR_QUE INT_TYPE MAYOR_QUE IDENTIFICADOR IGUAL NEW QUEUE MENOR_QUE INT_TYPE MAYOR_QUE PAR_IZQ PAR_DER . END_OF_LINE

    END_OF_LINE     shift and go to state 208


state 203

    (25) asignacion_string_cola -> QUEUE MENOR_QUE STRING_TYPE MAYOR_QUE IDENTIFICADOR IGUAL NEW QUEUE MENOR_QUE STRING_TYPE MAYOR_QUE PAR_IZQ PAR_DER . END_OF_LINE

    END_OF_LINE     shift and go to state 209


state 204

    (84) asignacion_int_stack -> STACK MENOR_QUE INT_TYPE MAYOR_QUE IDENTIFICADOR IGUAL NEW STACK MENOR_QUE INT_TYPE MAYOR_QUE PAR_IZQ PAR_DER . END_OF_LINE

    END_OF_LINE     shift and go to state 210


state 205

    (88) asignacion_float_stack -> STACK MENOR_QUE FLOAT_TYPE MAYOR_QUE IDENTIFICADOR IGUAL NEW STACK MENOR_QUE FLOAT_TYPE MAYOR_QUE PAR_IZQ PAR_DER . END_OF_LINE

    END_OF_LINE     shift and go to state 211


state 206

    (112) asignacion_int_lista -> LIST MENOR_QUE INT_TYPE MAYOR_QUE IDENTIFICADOR IGUAL NEW LIST MENOR_QUE INT_TYPE MAYOR_QUE PAR_IZQ PAR_DER END_OF_LINE .

    IDENTIFICADOR   reduce using rule 112 (asignacion_int_lista -> LIST MENOR_QUE INT_TYPE MAYOR_QUE IDENTIFICADOR IGUAL NEW LIST MENOR_QUE INT_TYPE MAYOR_QUE PAR_IZQ PAR_DER END_OF_LINE .)
    $end            reduce using rule 112 (asignacion_int_lista -> LIST MENOR_QUE INT_TYPE MAYOR_QUE IDENTIFICADOR IGUAL NEW LIST MENOR_QUE INT_TYPE MAYOR_QUE PAR_IZQ PAR_DER END_OF_LINE .)


state 207

    (115) asignacion_string_lista -> LIST MENOR_QUE STRING_TYPE MAYOR_QUE IDENTIFICADOR IGUAL NEW LIST MENOR_QUE STRING_TYPE MAYOR_QUE PAR_IZQ PAR_DER END_OF_LINE .

    IDENTIFICADOR   reduce using rule 115 (asignacion_string_lista -> LIST MENOR_QUE STRING_TYPE MAYOR_QUE IDENTIFICADOR IGUAL NEW LIST MENOR_QUE STRING_TYPE MAYOR_QUE PAR_IZQ PAR_DER END_OF_LINE .)
    $end            reduce using rule 115 (asignacion_string_lista -> LIST MENOR_QUE STRING_TYPE MAYOR_QUE IDENTIFICADOR IGUAL NEW LIST MENOR_QUE STRING_TYPE MAYOR_QUE PAR_IZQ PAR_DER END_OF_LINE .)


state 208

    (21) asignacion_int_cola -> QUEUE MENOR_QUE INT_TYPE MAYOR_QUE IDENTIFICADOR IGUAL NEW QUEUE MENOR_QUE INT_TYPE MAYOR_QUE PAR_IZQ PAR_DER END_OF_LINE .

    IDENTIFICADOR   reduce using rule 21 (asignacion_int_cola -> QUEUE MENOR_QUE INT_TYPE MAYOR_QUE IDENTIFICADOR IGUAL NEW QUEUE MENOR_QUE INT_TYPE MAYOR_QUE PAR_IZQ PAR_DER END_OF_LINE .)
    $end            reduce using rule 21 (asignacion_int_cola -> QUEUE MENOR_QUE INT_TYPE MAYOR_QUE IDENTIFICADOR IGUAL NEW QUEUE MENOR_QUE INT_TYPE MAYOR_QUE PAR_IZQ PAR_DER END_OF_LINE .)


state 209

    (25) asignacion_string_cola -> QUEUE MENOR_QUE STRING_TYPE MAYOR_QUE IDENTIFICADOR IGUAL NEW QUEUE MENOR_QUE STRING_TYPE MAYOR_QUE PAR_IZQ PAR_DER END_OF_LINE .

    IDENTIFICADOR   reduce using rule 25 (asignacion_string_cola -> QUEUE MENOR_QUE STRING_TYPE MAYOR_QUE IDENTIFICADOR IGUAL NEW QUEUE MENOR_QUE STRING_TYPE MAYOR_QUE PAR_IZQ PAR_DER END_OF_LINE .)
    $end            reduce using rule 25 (asignacion_string_cola -> QUEUE MENOR_QUE STRING_TYPE MAYOR_QUE IDENTIFICADOR IGUAL NEW QUEUE MENOR_QUE STRING_TYPE MAYOR_QUE PAR_IZQ PAR_DER END_OF_LINE .)


state 210

    (84) asignacion_int_stack -> STACK MENOR_QUE INT_TYPE MAYOR_QUE IDENTIFICADOR IGUAL NEW STACK MENOR_QUE INT_TYPE MAYOR_QUE PAR_IZQ PAR_DER END_OF_LINE .

    IDENTIFICADOR   reduce using rule 84 (asignacion_int_stack -> STACK MENOR_QUE INT_TYPE MAYOR_QUE IDENTIFICADOR IGUAL NEW STACK MENOR_QUE INT_TYPE MAYOR_QUE PAR_IZQ PAR_DER END_OF_LINE .)
    INT_TYPE        reduce using rule 84 (asignacion_int_stack -> STACK MENOR_QUE INT_TYPE MAYOR_QUE IDENTIFICADOR IGUAL NEW STACK MENOR_QUE INT_TYPE MAYOR_QUE PAR_IZQ PAR_DER END_OF_LINE .)
    $end            reduce using rule 84 (asignacion_int_stack -> STACK MENOR_QUE INT_TYPE MAYOR_QUE IDENTIFICADOR IGUAL NEW STACK MENOR_QUE INT_TYPE MAYOR_QUE PAR_IZQ PAR_DER END_OF_LINE .)


state 211

    (88) asignacion_float_stack -> STACK MENOR_QUE FLOAT_TYPE MAYOR_QUE IDENTIFICADOR IGUAL NEW STACK MENOR_QUE FLOAT_TYPE MAYOR_QUE PAR_IZQ PAR_DER END_OF_LINE .

    IDENTIFICADOR   reduce using rule 88 (asignacion_float_stack -> STACK MENOR_QUE FLOAT_TYPE MAYOR_QUE IDENTIFICADOR IGUAL NEW STACK MENOR_QUE FLOAT_TYPE MAYOR_QUE PAR_IZQ PAR_DER END_OF_LINE .)
    FLOAT_TYPE      reduce using rule 88 (asignacion_float_stack -> STACK MENOR_QUE FLOAT_TYPE MAYOR_QUE IDENTIFICADOR IGUAL NEW STACK MENOR_QUE FLOAT_TYPE MAYOR_QUE PAR_IZQ PAR_DER END_OF_LINE .)
    $end            reduce using rule 88 (asignacion_float_stack -> STACK MENOR_QUE FLOAT_TYPE MAYOR_QUE IDENTIFICADOR IGUAL NEW STACK MENOR_QUE FLOAT_TYPE MAYOR_QUE PAR_IZQ PAR_DER END_OF_LINE .)

